This file contains any messages produced by compilers while
running configure, to aid debugging if configure makes a mistake.

It was created by GNU Texinfo configure 4.8, which was
generated by GNU Autoconf 2.59.  Invocation command line was

  $ /home/licj/software/netBSD/source/netBSD/usr/src/tools/texinfo/../../gnu/dist/texinfo/configure --program-prefix=nb --prefix=/home/licj/software/netBSD/source/netBSD/usr/src/obj/tooldir.Linux-2.6.32-358.el6.x86_64-x86_64

## --------- ##
## Platform. ##
## --------- ##

hostname = out.lrserver
uname -m = x86_64
uname -r = 2.6.32-358.el6.x86_64
uname -s = Linux
uname -v = #1 SMP Fri Feb 22 00:31:26 UTC 2013

/usr/bin/uname -p = unknown
/bin/uname -X     = unknown

/bin/arch              = x86_64
/usr/bin/arch -k       = unknown
/usr/convex/getsysinfo = unknown
hostinfo               = unknown
/bin/machine           = unknown
/usr/bin/oslevel       = unknown
/bin/universe          = unknown

PATH: /home/licj/software/netBSD/source/netBSD/usr/src/obj/tooldir.Linux-2.6.32-358.el6.x86_64-x86_64/bin
PATH: /usr/lib64/qt-3.3/bin
PATH: /usr/local/bin
PATH: /bin
PATH: /usr/bin
PATH: /usr/local/sbin
PATH: /usr/sbin
PATH: /sbin
PATH: /home/licj/bin
PATH: /home/licj/prj/go/bin


## ----------- ##
## Core tests. ##
## ----------- ##

configure:1376: checking for a BSD-compatible install
configure:1431: result: /home/licj/software/netBSD/source/netBSD/usr/src/obj/tooldir.Linux-2.6.32-358.el6.x86_64-x86_64/bin/arm--netbsdelf-install -c  -r
configure:1442: checking whether build environment is sane
configure:1485: result: yes
configure:1550: checking for gawk
configure:1576: result: /home/licj/software/netBSD/source/netBSD/usr/src/obj/tooldir.Linux-2.6.32-358.el6.x86_64-x86_64/bin/nbawk
configure:1586: checking whether /home/licj/software/netBSD/source/netBSD/usr/src/obj/tooldir.Linux-2.6.32-358.el6.x86_64-x86_64/bin/nbmake sets $(MAKE)
configure:1610: result: no
configure:1774: checking whether to enable maintainer-specific portions of Makefiles
configure:1783: result: no
configure:1802: checking whether to enable maintainer-specific portions of Makefiles
configure:1811: result: no
configure:1874: checking for gcc
configure:1900: result: cc
configure:2144: checking for C compiler version
configure:2147: cc --version </dev/null >&5
cc (GCC) 4.4.7 20120313 (Red Hat 4.4.7-11)
Copyright (C) 2010 Free Software Foundation, Inc.
This is free software; see the source for copying conditions.  There is NO
warranty; not even for MERCHANTABILITY or FITNESS FOR A PARTICULAR PURPOSE.

configure:2150: $? = 0
configure:2152: cc -v </dev/null >&5
Using built-in specs.
Target: x86_64-redhat-linux
Configured with: ../configure --prefix=/usr --mandir=/usr/share/man --infodir=/usr/share/info --with-bugurl=http://bugzilla.redhat.com/bugzilla --enable-bootstrap --enable-shared --enable-threads=posix --enable-checking=release --with-system-zlib --enable-__cxa_atexit --disable-libunwind-exceptions --enable-gnu-unique-object --enable-languages=c,c++,objc,obj-c++,java,fortran,ada --enable-java-awt=gtk --disable-dssi --with-java-home=/usr/lib/jvm/java-1.5.0-gcj-1.5.0.0/jre --enable-libgcj-multifile --enable-java-maintainer-mode --with-ecj-jar=/usr/share/java/eclipse-ecj.jar --disable-libjava-multilib --with-ppl --with-cloog --with-tune=generic --with-arch_32=i686 --build=x86_64-redhat-linux
Thread model: posix
gcc version 4.4.7 20120313 (Red Hat 4.4.7-11) (GCC) 
configure:2155: $? = 0
configure:2157: cc -V </dev/null >&5
cc: '-V' option must have argument
configure:2160: $? = 1
configure:2183: checking for C compiler default output file name
configure:2186: cc -O   conftest.c  >&5
configure:2189: $? = 0
configure:2235: result: a.out
configure:2240: checking whether the C compiler works
configure:2246: ./a.out
configure:2249: $? = 0
configure:2266: result: yes
configure:2273: checking whether we are cross compiling
configure:2275: result: no
configure:2278: checking for suffix of executables
configure:2280: cc -o conftest -O   conftest.c  >&5
configure:2283: $? = 0
configure:2308: result: 
configure:2314: checking for suffix of object files
configure:2335: cc -c -O  conftest.c >&5
configure:2338: $? = 0
configure:2360: result: o
configure:2364: checking whether we are using the GNU C compiler
configure:2388: cc -c -O  conftest.c >&5
configure:2394: $? = 0
configure:2398: test -z 
			 || test ! -s conftest.err
configure:2401: $? = 0
configure:2404: test -s conftest.o
configure:2407: $? = 0
configure:2420: result: yes
configure:2426: checking whether cc accepts -g
configure:2447: cc -c -g  conftest.c >&5
configure:2453: $? = 0
configure:2457: test -z 
			 || test ! -s conftest.err
configure:2460: $? = 0
configure:2463: test -s conftest.o
configure:2466: $? = 0
configure:2477: result: yes
configure:2494: checking for cc option to accept ANSI C
configure:2564: cc  -c -O  conftest.c >&5
configure:2570: $? = 0
configure:2574: test -z 
			 || test ! -s conftest.err
configure:2577: $? = 0
configure:2580: test -s conftest.o
configure:2583: $? = 0
configure:2601: result: none needed
configure:2619: cc -c -O  conftest.c >&5
conftest.c:2: error: expected '=', ',', ';', 'asm' or '__attribute__' before 'me'
configure:2625: $? = 1
configure: failed program was:
| #ifndef __cplusplus
|   choke me
| #endif
configure:2769: checking for style of include used by /home/licj/software/netBSD/source/netBSD/usr/src/obj/tooldir.Linux-2.6.32-358.el6.x86_64-x86_64/bin/nbmake
configure:2797: result: none
configure:2825: checking dependency style of cc
configure:2915: result: none
configure:2938: checking how to run the C preprocessor
configure:2973: cc -E  conftest.c
configure:2979: $? = 0
configure:3011: cc -E  conftest.c
conftest.c:11:28: error: ac_nonexistent.h: No such file or directory
configure:3017: $? = 1
configure: failed program was:
| /* confdefs.h.  */
| 
| #define PACKAGE_NAME "GNU Texinfo"
| #define PACKAGE_TARNAME "texinfo"
| #define PACKAGE_VERSION "4.8"
| #define PACKAGE_STRING "GNU Texinfo 4.8"
| #define PACKAGE_BUGREPORT ""
| #define PACKAGE "texinfo"
| #define VERSION "4.8"
| /* end confdefs.h.  */
| #include <ac_nonexistent.h>
configure:3056: result: cc -E
configure:3080: cc -E  conftest.c
configure:3086: $? = 0
configure:3118: cc -E  conftest.c
conftest.c:11:28: error: ac_nonexistent.h: No such file or directory
configure:3124: $? = 1
configure: failed program was:
| /* confdefs.h.  */
| 
| #define PACKAGE_NAME "GNU Texinfo"
| #define PACKAGE_TARNAME "texinfo"
| #define PACKAGE_VERSION "4.8"
| #define PACKAGE_STRING "GNU Texinfo 4.8"
| #define PACKAGE_BUGREPORT ""
| #define PACKAGE "texinfo"
| #define VERSION "4.8"
| /* end confdefs.h.  */
| #include <ac_nonexistent.h>
configure:3168: checking for egrep
configure:3178: result: grep -E
configure:3184: checking whether cc needs -traditional
configure:3226: result: no
configure:3246: checking for a BSD-compatible install
configure:3301: result: /home/licj/software/netBSD/source/netBSD/usr/src/obj/tooldir.Linux-2.6.32-358.el6.x86_64-x86_64/bin/arm--netbsdelf-install -c  -r
configure:3312: checking whether /home/licj/software/netBSD/source/netBSD/usr/src/obj/tooldir.Linux-2.6.32-358.el6.x86_64-x86_64/bin/nbmake sets $(MAKE)
configure:3336: result: no
configure:3382: checking for ranlib
configure:3409: result: ranlib
configure:3425: checking for library containing strerror
configure:3455: cc -o conftest -O   conftest.c  >&5
configure:3461: $? = 0
configure:3465: test -z 
			 || test ! -s conftest.err
configure:3468: $? = 0
configure:3471: test -s conftest
configure:3474: $? = 0
configure:3544: result: none required
configure:3551: checking for ANSI C header files
configure:3576: cc -c -O  conftest.c >&5
configure:3582: $? = 0
configure:3586: test -z 
			 || test ! -s conftest.err
configure:3589: $? = 0
configure:3592: test -s conftest.o
configure:3595: $? = 0
configure:3684: cc -o conftest -O   conftest.c  >&5
conftest.c: In function 'main':
conftest.c:28: warning: incompatible implicit declaration of built-in function 'exit'
configure:3687: $? = 0
configure:3689: ./conftest
configure:3692: $? = 0
configure:3707: result: yes
configure:3731: checking for sys/types.h
configure:3747: cc -c -O  conftest.c >&5
configure:3753: $? = 0
configure:3757: test -z 
			 || test ! -s conftest.err
configure:3760: $? = 0
configure:3763: test -s conftest.o
configure:3766: $? = 0
configure:3777: result: yes
configure:3731: checking for sys/stat.h
configure:3747: cc -c -O  conftest.c >&5
configure:3753: $? = 0
configure:3757: test -z 
			 || test ! -s conftest.err
configure:3760: $? = 0
configure:3763: test -s conftest.o
configure:3766: $? = 0
configure:3777: result: yes
configure:3731: checking for stdlib.h
configure:3747: cc -c -O  conftest.c >&5
configure:3753: $? = 0
configure:3757: test -z 
			 || test ! -s conftest.err
configure:3760: $? = 0
configure:3763: test -s conftest.o
configure:3766: $? = 0
configure:3777: result: yes
configure:3731: checking for string.h
configure:3747: cc -c -O  conftest.c >&5
configure:3753: $? = 0
configure:3757: test -z 
			 || test ! -s conftest.err
configure:3760: $? = 0
configure:3763: test -s conftest.o
configure:3766: $? = 0
configure:3777: result: yes
configure:3731: checking for memory.h
configure:3747: cc -c -O  conftest.c >&5
configure:3753: $? = 0
configure:3757: test -z 
			 || test ! -s conftest.err
configure:3760: $? = 0
configure:3763: test -s conftest.o
configure:3766: $? = 0
configure:3777: result: yes
configure:3731: checking for strings.h
configure:3747: cc -c -O  conftest.c >&5
configure:3753: $? = 0
configure:3757: test -z 
			 || test ! -s conftest.err
configure:3760: $? = 0
configure:3763: test -s conftest.o
configure:3766: $? = 0
configure:3777: result: yes
configure:3731: checking for inttypes.h
configure:3747: cc -c -O  conftest.c >&5
configure:3753: $? = 0
configure:3757: test -z 
			 || test ! -s conftest.err
configure:3760: $? = 0
configure:3763: test -s conftest.o
configure:3766: $? = 0
configure:3777: result: yes
configure:3731: checking for stdint.h
configure:3747: cc -c -O  conftest.c >&5
configure:3753: $? = 0
configure:3757: test -z 
			 || test ! -s conftest.err
configure:3760: $? = 0
configure:3763: test -s conftest.o
configure:3766: $? = 0
configure:3777: result: yes
configure:3731: checking for unistd.h
configure:3747: cc -c -O  conftest.c >&5
configure:3753: $? = 0
configure:3757: test -z 
			 || test ! -s conftest.err
configure:3760: $? = 0
configure:3763: test -s conftest.o
configure:3766: $? = 0
configure:3777: result: yes
configure:3799: checking minix/config.h usability
configure:3811: cc -c -O  conftest.c >&5
conftest.c:55:26: error: minix/config.h: No such file or directory
configure:3817: $? = 1
configure: failed program was:
| /* confdefs.h.  */
| 
| #define PACKAGE_NAME "GNU Texinfo"
| #define PACKAGE_TARNAME "texinfo"
| #define PACKAGE_VERSION "4.8"
| #define PACKAGE_STRING "GNU Texinfo 4.8"
| #define PACKAGE_BUGREPORT ""
| #define PACKAGE "texinfo"
| #define VERSION "4.8"
| #define STDC_HEADERS 1
| #define HAVE_SYS_TYPES_H 1
| #define HAVE_SYS_STAT_H 1
| #define HAVE_STDLIB_H 1
| #define HAVE_STRING_H 1
| #define HAVE_MEMORY_H 1
| #define HAVE_STRINGS_H 1
| #define HAVE_INTTYPES_H 1
| #define HAVE_STDINT_H 1
| #define HAVE_UNISTD_H 1
| /* end confdefs.h.  */
| #include <stdio.h>
| #if HAVE_SYS_TYPES_H
| # include <sys/types.h>
| #endif
| #if HAVE_SYS_STAT_H
| # include <sys/stat.h>
| #endif
| #if STDC_HEADERS
| # include <stdlib.h>
| # include <stddef.h>
| #else
| # if HAVE_STDLIB_H
| #  include <stdlib.h>
| # endif
| #endif
| #if HAVE_STRING_H
| # if !STDC_HEADERS && HAVE_MEMORY_H
| #  include <memory.h>
| # endif
| # include <string.h>
| #endif
| #if HAVE_STRINGS_H
| # include <strings.h>
| #endif
| #if HAVE_INTTYPES_H
| # include <inttypes.h>
| #else
| # if HAVE_STDINT_H
| #  include <stdint.h>
| # endif
| #endif
| #if HAVE_UNISTD_H
| # include <unistd.h>
| #endif
| #include <minix/config.h>
configure:3840: result: no
configure:3844: checking minix/config.h presence
configure:3854: cc -E  conftest.c
conftest.c:21:26: error: minix/config.h: No such file or directory
configure:3860: $? = 1
configure: failed program was:
| /* confdefs.h.  */
| 
| #define PACKAGE_NAME "GNU Texinfo"
| #define PACKAGE_TARNAME "texinfo"
| #define PACKAGE_VERSION "4.8"
| #define PACKAGE_STRING "GNU Texinfo 4.8"
| #define PACKAGE_BUGREPORT ""
| #define PACKAGE "texinfo"
| #define VERSION "4.8"
| #define STDC_HEADERS 1
| #define HAVE_SYS_TYPES_H 1
| #define HAVE_SYS_STAT_H 1
| #define HAVE_STDLIB_H 1
| #define HAVE_STRING_H 1
| #define HAVE_MEMORY_H 1
| #define HAVE_STRINGS_H 1
| #define HAVE_INTTYPES_H 1
| #define HAVE_STDINT_H 1
| #define HAVE_UNISTD_H 1
| /* end confdefs.h.  */
| #include <minix/config.h>
configure:3880: result: no
configure:3915: checking for minix/config.h
configure:3922: result: no
configure:3953: checking for sigblock
configure:4010: cc -o conftest -O   conftest.c  >&5
configure:4016: $? = 0
configure:4020: test -z 
			 || test ! -s conftest.err
configure:4023: $? = 0
configure:4026: test -s conftest
configure:4029: $? = 0
configure:4041: result: yes
configure:4124: checking whether stat file-mode macros are broken
configure:4172: result: no
configure:4182: checking for ANSI C header files
configure:4338: result: yes
configure:4379: checking fcntl.h usability
configure:4391: cc -c -O  conftest.c >&5
configure:4397: $? = 0
configure:4401: test -z 
			 || test ! -s conftest.err
configure:4404: $? = 0
configure:4407: test -s conftest.o
configure:4410: $? = 0
configure:4420: result: yes
configure:4424: checking fcntl.h presence
configure:4434: cc -E  conftest.c
configure:4440: $? = 0
configure:4460: result: yes
configure:4495: checking for fcntl.h
configure:4502: result: yes
configure:4379: checking io.h usability
configure:4391: cc -c -O  conftest.c >&5
conftest.c:57:16: error: io.h: No such file or directory
configure:4397: $? = 1
configure: failed program was:
| /* confdefs.h.  */
| 
| #define PACKAGE_NAME "GNU Texinfo"
| #define PACKAGE_TARNAME "texinfo"
| #define PACKAGE_VERSION "4.8"
| #define PACKAGE_STRING "GNU Texinfo 4.8"
| #define PACKAGE_BUGREPORT ""
| #define PACKAGE "texinfo"
| #define VERSION "4.8"
| #define STDC_HEADERS 1
| #define HAVE_SYS_TYPES_H 1
| #define HAVE_SYS_STAT_H 1
| #define HAVE_STDLIB_H 1
| #define HAVE_STRING_H 1
| #define HAVE_MEMORY_H 1
| #define HAVE_STRINGS_H 1
| #define HAVE_INTTYPES_H 1
| #define HAVE_STDINT_H 1
| #define HAVE_UNISTD_H 1
| #define STDC_HEADERS 1
| #define HAVE_FCNTL_H 1
| /* end confdefs.h.  */
| #include <stdio.h>
| #if HAVE_SYS_TYPES_H
| # include <sys/types.h>
| #endif
| #if HAVE_SYS_STAT_H
| # include <sys/stat.h>
| #endif
| #if STDC_HEADERS
| # include <stdlib.h>
| # include <stddef.h>
| #else
| # if HAVE_STDLIB_H
| #  include <stdlib.h>
| # endif
| #endif
| #if HAVE_STRING_H
| # if !STDC_HEADERS && HAVE_MEMORY_H
| #  include <memory.h>
| # endif
| # include <string.h>
| #endif
| #if HAVE_STRINGS_H
| # include <strings.h>
| #endif
| #if HAVE_INTTYPES_H
| # include <inttypes.h>
| #else
| # if HAVE_STDINT_H
| #  include <stdint.h>
| # endif
| #endif
| #if HAVE_UNISTD_H
| # include <unistd.h>
| #endif
| #include <io.h>
configure:4420: result: no
configure:4424: checking io.h presence
configure:4434: cc -E  conftest.c
conftest.c:23:16: error: io.h: No such file or directory
configure:4440: $? = 1
configure: failed program was:
| /* confdefs.h.  */
| 
| #define PACKAGE_NAME "GNU Texinfo"
| #define PACKAGE_TARNAME "texinfo"
| #define PACKAGE_VERSION "4.8"
| #define PACKAGE_STRING "GNU Texinfo 4.8"
| #define PACKAGE_BUGREPORT ""
| #define PACKAGE "texinfo"
| #define VERSION "4.8"
| #define STDC_HEADERS 1
| #define HAVE_SYS_TYPES_H 1
| #define HAVE_SYS_STAT_H 1
| #define HAVE_STDLIB_H 1
| #define HAVE_STRING_H 1
| #define HAVE_MEMORY_H 1
| #define HAVE_STRINGS_H 1
| #define HAVE_INTTYPES_H 1
| #define HAVE_STDINT_H 1
| #define HAVE_UNISTD_H 1
| #define STDC_HEADERS 1
| #define HAVE_FCNTL_H 1
| /* end confdefs.h.  */
| #include <io.h>
configure:4460: result: no
configure:4495: checking for io.h
configure:4502: result: no
configure:4379: checking limits.h usability
configure:4391: cc -c -O  conftest.c >&5
configure:4397: $? = 0
configure:4401: test -z 
			 || test ! -s conftest.err
configure:4404: $? = 0
configure:4407: test -s conftest.o
configure:4410: $? = 0
configure:4420: result: yes
configure:4424: checking limits.h presence
configure:4434: cc -E  conftest.c
configure:4440: $? = 0
configure:4460: result: yes
configure:4495: checking for limits.h
configure:4502: result: yes
configure:4379: checking pwd.h usability
configure:4391: cc -c -O  conftest.c >&5
configure:4397: $? = 0
configure:4401: test -z 
			 || test ! -s conftest.err
configure:4404: $? = 0
configure:4407: test -s conftest.o
configure:4410: $? = 0
configure:4420: result: yes
configure:4424: checking pwd.h presence
configure:4434: cc -E  conftest.c
configure:4440: $? = 0
configure:4460: result: yes
configure:4495: checking for pwd.h
configure:4502: result: yes
configure:4370: checking for string.h
configure:4375: result: yes
configure:4370: checking for strings.h
configure:4375: result: yes
configure:4379: checking termcap.h usability
configure:4391: cc -c -O  conftest.c >&5
configure:4397: $? = 0
configure:4401: test -z 
			 || test ! -s conftest.err
configure:4404: $? = 0
configure:4407: test -s conftest.o
configure:4410: $? = 0
configure:4420: result: yes
configure:4424: checking termcap.h presence
configure:4434: cc -E  conftest.c
configure:4440: $? = 0
configure:4460: result: yes
configure:4495: checking for termcap.h
configure:4502: result: yes
configure:4379: checking termio.h usability
configure:4391: cc -c -O  conftest.c >&5
configure:4397: $? = 0
configure:4401: test -z 
			 || test ! -s conftest.err
configure:4404: $? = 0
configure:4407: test -s conftest.o
configure:4410: $? = 0
configure:4420: result: yes
configure:4424: checking termio.h presence
configure:4434: cc -E  conftest.c
configure:4440: $? = 0
configure:4460: result: yes
configure:4495: checking for termio.h
configure:4502: result: yes
configure:4379: checking termios.h usability
configure:4391: cc -c -O  conftest.c >&5
configure:4397: $? = 0
configure:4401: test -z 
			 || test ! -s conftest.err
configure:4404: $? = 0
configure:4407: test -s conftest.o
configure:4410: $? = 0
configure:4420: result: yes
configure:4424: checking termios.h presence
configure:4434: cc -E  conftest.c
configure:4440: $? = 0
configure:4460: result: yes
configure:4495: checking for termios.h
configure:4502: result: yes
configure:4370: checking for unistd.h
configure:4375: result: yes
configure:4379: checking sys/fcntl.h usability
configure:4391: cc -c -O  conftest.c >&5
configure:4397: $? = 0
configure:4401: test -z 
			 || test ! -s conftest.err
configure:4404: $? = 0
configure:4407: test -s conftest.o
configure:4410: $? = 0
configure:4420: result: yes
configure:4424: checking sys/fcntl.h presence
configure:4434: cc -E  conftest.c
configure:4440: $? = 0
configure:4460: result: yes
configure:4495: checking for sys/fcntl.h
configure:4502: result: yes
configure:4379: checking sys/file.h usability
configure:4391: cc -c -O  conftest.c >&5
configure:4397: $? = 0
configure:4401: test -z 
			 || test ! -s conftest.err
configure:4404: $? = 0
configure:4407: test -s conftest.o
configure:4410: $? = 0
configure:4420: result: yes
configure:4424: checking sys/file.h presence
configure:4434: cc -E  conftest.c
configure:4440: $? = 0
configure:4460: result: yes
configure:4495: checking for sys/file.h
configure:4502: result: yes
configure:4379: checking sys/stream.h usability
configure:4391: cc -c -O  conftest.c >&5
conftest.c:67:24: error: sys/stream.h: No such file or directory
configure:4397: $? = 1
configure: failed program was:
| /* confdefs.h.  */
| 
| #define PACKAGE_NAME "GNU Texinfo"
| #define PACKAGE_TARNAME "texinfo"
| #define PACKAGE_VERSION "4.8"
| #define PACKAGE_STRING "GNU Texinfo 4.8"
| #define PACKAGE_BUGREPORT ""
| #define PACKAGE "texinfo"
| #define VERSION "4.8"
| #define STDC_HEADERS 1
| #define HAVE_SYS_TYPES_H 1
| #define HAVE_SYS_STAT_H 1
| #define HAVE_STDLIB_H 1
| #define HAVE_STRING_H 1
| #define HAVE_MEMORY_H 1
| #define HAVE_STRINGS_H 1
| #define HAVE_INTTYPES_H 1
| #define HAVE_STDINT_H 1
| #define HAVE_UNISTD_H 1
| #define STDC_HEADERS 1
| #define HAVE_FCNTL_H 1
| #define HAVE_LIMITS_H 1
| #define HAVE_PWD_H 1
| #define HAVE_STRING_H 1
| #define HAVE_STRINGS_H 1
| #define HAVE_TERMCAP_H 1
| #define HAVE_TERMIO_H 1
| #define HAVE_TERMIOS_H 1
| #define HAVE_UNISTD_H 1
| #define HAVE_SYS_FCNTL_H 1
| #define HAVE_SYS_FILE_H 1
| /* end confdefs.h.  */
| #include <stdio.h>
| #if HAVE_SYS_TYPES_H
| # include <sys/types.h>
| #endif
| #if HAVE_SYS_STAT_H
| # include <sys/stat.h>
| #endif
| #if STDC_HEADERS
| # include <stdlib.h>
| # include <stddef.h>
| #else
| # if HAVE_STDLIB_H
| #  include <stdlib.h>
| # endif
| #endif
| #if HAVE_STRING_H
| # if !STDC_HEADERS && HAVE_MEMORY_H
| #  include <memory.h>
| # endif
| # include <string.h>
| #endif
| #if HAVE_STRINGS_H
| # include <strings.h>
| #endif
| #if HAVE_INTTYPES_H
| # include <inttypes.h>
| #else
| # if HAVE_STDINT_H
| #  include <stdint.h>
| # endif
| #endif
| #if HAVE_UNISTD_H
| # include <unistd.h>
| #endif
| #include <sys/stream.h>
configure:4420: result: no
configure:4424: checking sys/stream.h presence
configure:4434: cc -E  conftest.c
conftest.c:33:24: error: sys/stream.h: No such file or directory
configure:4440: $? = 1
configure: failed program was:
| /* confdefs.h.  */
| 
| #define PACKAGE_NAME "GNU Texinfo"
| #define PACKAGE_TARNAME "texinfo"
| #define PACKAGE_VERSION "4.8"
| #define PACKAGE_STRING "GNU Texinfo 4.8"
| #define PACKAGE_BUGREPORT ""
| #define PACKAGE "texinfo"
| #define VERSION "4.8"
| #define STDC_HEADERS 1
| #define HAVE_SYS_TYPES_H 1
| #define HAVE_SYS_STAT_H 1
| #define HAVE_STDLIB_H 1
| #define HAVE_STRING_H 1
| #define HAVE_MEMORY_H 1
| #define HAVE_STRINGS_H 1
| #define HAVE_INTTYPES_H 1
| #define HAVE_STDINT_H 1
| #define HAVE_UNISTD_H 1
| #define STDC_HEADERS 1
| #define HAVE_FCNTL_H 1
| #define HAVE_LIMITS_H 1
| #define HAVE_PWD_H 1
| #define HAVE_STRING_H 1
| #define HAVE_STRINGS_H 1
| #define HAVE_TERMCAP_H 1
| #define HAVE_TERMIO_H 1
| #define HAVE_TERMIOS_H 1
| #define HAVE_UNISTD_H 1
| #define HAVE_SYS_FCNTL_H 1
| #define HAVE_SYS_FILE_H 1
| /* end confdefs.h.  */
| #include <sys/stream.h>
configure:4460: result: no
configure:4495: checking for sys/stream.h
configure:4502: result: no
configure:4379: checking sys/time.h usability
configure:4391: cc -c -O  conftest.c >&5
configure:4397: $? = 0
configure:4401: test -z 
			 || test ! -s conftest.err
configure:4404: $? = 0
configure:4407: test -s conftest.o
configure:4410: $? = 0
configure:4420: result: yes
configure:4424: checking sys/time.h presence
configure:4434: cc -E  conftest.c
configure:4440: $? = 0
configure:4460: result: yes
configure:4495: checking for sys/time.h
configure:4502: result: yes
configure:4379: checking sys/ttold.h usability
configure:4391: cc -c -O  conftest.c >&5
conftest.c:68:23: error: sys/ttold.h: No such file or directory
configure:4397: $? = 1
configure: failed program was:
| /* confdefs.h.  */
| 
| #define PACKAGE_NAME "GNU Texinfo"
| #define PACKAGE_TARNAME "texinfo"
| #define PACKAGE_VERSION "4.8"
| #define PACKAGE_STRING "GNU Texinfo 4.8"
| #define PACKAGE_BUGREPORT ""
| #define PACKAGE "texinfo"
| #define VERSION "4.8"
| #define STDC_HEADERS 1
| #define HAVE_SYS_TYPES_H 1
| #define HAVE_SYS_STAT_H 1
| #define HAVE_STDLIB_H 1
| #define HAVE_STRING_H 1
| #define HAVE_MEMORY_H 1
| #define HAVE_STRINGS_H 1
| #define HAVE_INTTYPES_H 1
| #define HAVE_STDINT_H 1
| #define HAVE_UNISTD_H 1
| #define STDC_HEADERS 1
| #define HAVE_FCNTL_H 1
| #define HAVE_LIMITS_H 1
| #define HAVE_PWD_H 1
| #define HAVE_STRING_H 1
| #define HAVE_STRINGS_H 1
| #define HAVE_TERMCAP_H 1
| #define HAVE_TERMIO_H 1
| #define HAVE_TERMIOS_H 1
| #define HAVE_UNISTD_H 1
| #define HAVE_SYS_FCNTL_H 1
| #define HAVE_SYS_FILE_H 1
| #define HAVE_SYS_TIME_H 1
| /* end confdefs.h.  */
| #include <stdio.h>
| #if HAVE_SYS_TYPES_H
| # include <sys/types.h>
| #endif
| #if HAVE_SYS_STAT_H
| # include <sys/stat.h>
| #endif
| #if STDC_HEADERS
| # include <stdlib.h>
| # include <stddef.h>
| #else
| # if HAVE_STDLIB_H
| #  include <stdlib.h>
| # endif
| #endif
| #if HAVE_STRING_H
| # if !STDC_HEADERS && HAVE_MEMORY_H
| #  include <memory.h>
| # endif
| # include <string.h>
| #endif
| #if HAVE_STRINGS_H
| # include <strings.h>
| #endif
| #if HAVE_INTTYPES_H
| # include <inttypes.h>
| #else
| # if HAVE_STDINT_H
| #  include <stdint.h>
| # endif
| #endif
| #if HAVE_UNISTD_H
| # include <unistd.h>
| #endif
| #include <sys/ttold.h>
configure:4420: result: no
configure:4424: checking sys/ttold.h presence
configure:4434: cc -E  conftest.c
conftest.c:34:23: error: sys/ttold.h: No such file or directory
configure:4440: $? = 1
configure: failed program was:
| /* confdefs.h.  */
| 
| #define PACKAGE_NAME "GNU Texinfo"
| #define PACKAGE_TARNAME "texinfo"
| #define PACKAGE_VERSION "4.8"
| #define PACKAGE_STRING "GNU Texinfo 4.8"
| #define PACKAGE_BUGREPORT ""
| #define PACKAGE "texinfo"
| #define VERSION "4.8"
| #define STDC_HEADERS 1
| #define HAVE_SYS_TYPES_H 1
| #define HAVE_SYS_STAT_H 1
| #define HAVE_STDLIB_H 1
| #define HAVE_STRING_H 1
| #define HAVE_MEMORY_H 1
| #define HAVE_STRINGS_H 1
| #define HAVE_INTTYPES_H 1
| #define HAVE_STDINT_H 1
| #define HAVE_UNISTD_H 1
| #define STDC_HEADERS 1
| #define HAVE_FCNTL_H 1
| #define HAVE_LIMITS_H 1
| #define HAVE_PWD_H 1
| #define HAVE_STRING_H 1
| #define HAVE_STRINGS_H 1
| #define HAVE_TERMCAP_H 1
| #define HAVE_TERMIO_H 1
| #define HAVE_TERMIOS_H 1
| #define HAVE_UNISTD_H 1
| #define HAVE_SYS_FCNTL_H 1
| #define HAVE_SYS_FILE_H 1
| #define HAVE_SYS_TIME_H 1
| /* end confdefs.h.  */
| #include <sys/ttold.h>
configure:4460: result: no
configure:4495: checking for sys/ttold.h
configure:4502: result: no
configure:4379: checking sys/wait.h usability
configure:4391: cc -c -O  conftest.c >&5
configure:4397: $? = 0
configure:4401: test -z 
			 || test ! -s conftest.err
configure:4404: $? = 0
configure:4407: test -s conftest.o
configure:4410: $? = 0
configure:4420: result: yes
configure:4424: checking sys/wait.h presence
configure:4434: cc -E  conftest.c
configure:4440: $? = 0
configure:4460: result: yes
configure:4495: checking for sys/wait.h
configure:4502: result: yes
configure:4521: checking for sys/ptem.h
configure:4540: cc -c -O  conftest.c >&5
conftest.c:40:22: error: sys/ptem.h: No such file or directory
configure:4546: $? = 1
configure: failed program was:
| /* confdefs.h.  */
| 
| #define PACKAGE_NAME "GNU Texinfo"
| #define PACKAGE_TARNAME "texinfo"
| #define PACKAGE_VERSION "4.8"
| #define PACKAGE_STRING "GNU Texinfo 4.8"
| #define PACKAGE_BUGREPORT ""
| #define PACKAGE "texinfo"
| #define VERSION "4.8"
| #define STDC_HEADERS 1
| #define HAVE_SYS_TYPES_H 1
| #define HAVE_SYS_STAT_H 1
| #define HAVE_STDLIB_H 1
| #define HAVE_STRING_H 1
| #define HAVE_MEMORY_H 1
| #define HAVE_STRINGS_H 1
| #define HAVE_INTTYPES_H 1
| #define HAVE_STDINT_H 1
| #define HAVE_UNISTD_H 1
| #define STDC_HEADERS 1
| #define HAVE_FCNTL_H 1
| #define HAVE_LIMITS_H 1
| #define HAVE_PWD_H 1
| #define HAVE_STRING_H 1
| #define HAVE_STRINGS_H 1
| #define HAVE_TERMCAP_H 1
| #define HAVE_TERMIO_H 1
| #define HAVE_TERMIOS_H 1
| #define HAVE_UNISTD_H 1
| #define HAVE_SYS_FCNTL_H 1
| #define HAVE_SYS_FILE_H 1
| #define HAVE_SYS_TIME_H 1
| #define HAVE_SYS_WAIT_H 1
| /* end confdefs.h.  */
| #if HAVE_SYS_STREAM_H
| #include <sys/stream.h>
| #endif
| 
| 
| #include <sys/ptem.h>
configure:4570: result: no
configure:4582: checking POSIX termios
configure:4607: cc -o conftest -O   conftest.c  >&5
configure:4613: $? = 0
configure:4617: test -z 
			 || test ! -s conftest.err
configure:4620: $? = 0
configure:4623: test -s conftest
configure:4626: $? = 0
configure:4638: result: yes
configure:4641: checking whether termios.h defines TIOCGWINSZ
configure:4668: result: no
configure:4672: checking whether sys/ioctl.h defines TIOCGWINSZ
configure:4699: result: yes
configure:4713: checking for off_t
configure:4737: cc -c -O  conftest.c >&5
configure:4743: $? = 0
configure:4747: test -z 
			 || test ! -s conftest.err
configure:4750: $? = 0
configure:4753: test -s conftest.o
configure:4756: $? = 0
configure:4767: result: yes
configure:4779: checking return type of signal handlers
configure:4810: cc -c -O  conftest.c >&5
configure:4816: $? = 0
configure:4820: test -z 
			 || test ! -s conftest.err
configure:4823: $? = 0
configure:4826: test -s conftest.o
configure:4829: $? = 0
configure:4840: result: void
configure:4848: checking for an ANSI C-conforming const
configure:4915: cc -c -O  conftest.c >&5
configure:4921: $? = 0
configure:4925: test -z 
			 || test ! -s conftest.err
configure:4928: $? = 0
configure:4931: test -s conftest.o
configure:4934: $? = 0
configure:4945: result: yes
configure:4955: checking whether struct tm is in sys/time.h or time.h
configure:4978: cc -c -O  conftest.c >&5
configure:4984: $? = 0
configure:4988: test -z 
			 || test ! -s conftest.err
configure:4991: $? = 0
configure:4994: test -s conftest.o
configure:4997: $? = 0
configure:5008: result: time.h
configure:5020: checking whether memchr is declared
configure:5044: cc -c -O  conftest.c >&5
configure:5050: $? = 0
configure:5054: test -z 
			 || test ! -s conftest.err
configure:5057: $? = 0
configure:5060: test -s conftest.o
configure:5063: $? = 0
configure:5074: result: yes
configure:5090: checking whether strcoll is declared
configure:5114: cc -c -O  conftest.c >&5
configure:5120: $? = 0
configure:5124: test -z 
			 || test ! -s conftest.err
configure:5127: $? = 0
configure:5130: test -s conftest.o
configure:5133: $? = 0
configure:5144: result: yes
configure:5160: checking whether strerror is declared
configure:5184: cc -c -O  conftest.c >&5
configure:5190: $? = 0
configure:5194: test -z 
			 || test ! -s conftest.err
configure:5197: $? = 0
configure:5200: test -s conftest.o
configure:5203: $? = 0
configure:5214: result: yes
configure:5236: checking for working alloca.h
configure:5257: cc -o conftest -O   conftest.c  >&5
configure:5263: $? = 0
configure:5267: test -z 
			 || test ! -s conftest.err
configure:5270: $? = 0
configure:5273: test -s conftest
configure:5276: $? = 0
configure:5288: result: yes
configure:5298: checking for alloca
configure:5339: cc -o conftest -O   conftest.c  >&5
configure:5345: $? = 0
configure:5349: test -z 
			 || test ! -s conftest.err
configure:5352: $? = 0
configure:5355: test -s conftest
configure:5358: $? = 0
configure:5370: result: yes
configure:5593: checking for working strcoll
configure:5619: cc -o conftest -O   conftest.c  >&5
configure:5622: $? = 0
configure:5624: ./conftest
configure:5627: $? = 0
configure:5641: result: yes
configure:5655: checking for vprintf
configure:5712: cc -o conftest -O   conftest.c  >&5
conftest.c:67: warning: conflicting types for built-in function 'vprintf'
configure:5718: $? = 0
configure:5722: test -z 
			 || test ! -s conftest.err
configure:5725: $? = 0
configure:5728: test -s conftest
configure:5731: $? = 0
configure:5743: result: yes
configure:5750: checking for _doprnt
configure:5807: cc -o conftest -O   conftest.c  >&5
/tmp/cctDDxcw.o: In function `main':
conftest.c:(.text+0x7): undefined reference to `_doprnt'
/tmp/cctDDxcw.o:(.data+0x0): undefined reference to `_doprnt'
collect2: ld returned 1 exit status
configure:5813: $? = 1
configure: failed program was:
| /* confdefs.h.  */
| 
| #define PACKAGE_NAME "GNU Texinfo"
| #define PACKAGE_TARNAME "texinfo"
| #define PACKAGE_VERSION "4.8"
| #define PACKAGE_STRING "GNU Texinfo 4.8"
| #define PACKAGE_BUGREPORT ""
| #define PACKAGE "texinfo"
| #define VERSION "4.8"
| #define STDC_HEADERS 1
| #define HAVE_SYS_TYPES_H 1
| #define HAVE_SYS_STAT_H 1
| #define HAVE_STDLIB_H 1
| #define HAVE_STRING_H 1
| #define HAVE_MEMORY_H 1
| #define HAVE_STRINGS_H 1
| #define HAVE_INTTYPES_H 1
| #define HAVE_STDINT_H 1
| #define HAVE_UNISTD_H 1
| #define STDC_HEADERS 1
| #define HAVE_FCNTL_H 1
| #define HAVE_LIMITS_H 1
| #define HAVE_PWD_H 1
| #define HAVE_STRING_H 1
| #define HAVE_STRINGS_H 1
| #define HAVE_TERMCAP_H 1
| #define HAVE_TERMIO_H 1
| #define HAVE_TERMIOS_H 1
| #define HAVE_UNISTD_H 1
| #define HAVE_SYS_FCNTL_H 1
| #define HAVE_SYS_FILE_H 1
| #define HAVE_SYS_TIME_H 1
| #define HAVE_SYS_WAIT_H 1
| #define GWINSZ_IN_SYS_IOCTL 1
| #define RETSIGTYPE void
| #define HAVE_DECL_MEMCHR 1
| #define HAVE_DECL_STRCOLL 1
| #define HAVE_DECL_STRERROR 1
| #define HAVE_ALLOCA_H 1
| #define HAVE_ALLOCA 1
| #define HAVE_STRCOLL 1
| #define HAVE_VPRINTF 1
| /* end confdefs.h.  */
| /* Define _doprnt to an innocuous variant, in case <limits.h> declares _doprnt.
|    For example, HP-UX 11i <limits.h> declares gettimeofday.  */
| #define _doprnt innocuous__doprnt
| 
| /* System header to define __stub macros and hopefully few prototypes,
|     which can conflict with char _doprnt (); below.
|     Prefer <limits.h> to <assert.h> if __STDC__ is defined, since
|     <limits.h> exists even on freestanding compilers.  */
| 
| #ifdef __STDC__
| # include <limits.h>
| #else
| # include <assert.h>
| #endif
| 
| #undef _doprnt
| 
| /* Override any gcc2 internal prototype to avoid an error.  */
| #ifdef __cplusplus
| extern "C"
| {
| #endif
| /* We use char because int might match the return type of a gcc2
|    builtin and then its argument prototype would still apply.  */
| char _doprnt ();
| /* The GNU C library defines this for functions which it implements
|     to always fail with ENOSYS.  Some functions are actually named
|     something starting with __ and the normal name is an alias.  */
| #if defined (__stub__doprnt) || defined (__stub____doprnt)
| choke me
| #else
| char (*f) () = _doprnt;
| #endif
| #ifdef __cplusplus
| }
| #endif
| 
| int
| main ()
| {
| return f != _doprnt;
|   ;
|   return 0;
| }
configure:5838: result: no
configure:5867: checking for bzero
configure:5924: cc -o conftest -O   conftest.c  >&5
conftest.c:68: warning: conflicting types for built-in function 'bzero'
configure:5930: $? = 0
configure:5934: test -z 
			 || test ! -s conftest.err
configure:5937: $? = 0
configure:5940: test -s conftest
configure:5943: $? = 0
configure:5955: result: yes
configure:5867: checking for getcwd
configure:5924: cc -o conftest -O   conftest.c  >&5
configure:5930: $? = 0
configure:5934: test -z 
			 || test ! -s conftest.err
configure:5937: $? = 0
configure:5940: test -s conftest
configure:5943: $? = 0
configure:5955: result: yes
configure:5867: checking for memset
configure:5924: cc -o conftest -O   conftest.c  >&5
conftest.c:70: warning: conflicting types for built-in function 'memset'
configure:5930: $? = 0
configure:5934: test -z 
			 || test ! -s conftest.err
configure:5937: $? = 0
configure:5940: test -s conftest
configure:5943: $? = 0
configure:5955: result: yes
configure:5867: checking for setvbuf
configure:5924: cc -o conftest -O   conftest.c  >&5
configure:5930: $? = 0
configure:5934: test -z 
			 || test ! -s conftest.err
configure:5937: $? = 0
configure:5940: test -s conftest
configure:5943: $? = 0
configure:5955: result: yes
configure:5867: checking for sigaction
configure:5924: cc -o conftest -O   conftest.c  >&5
configure:5930: $? = 0
configure:5934: test -z 
			 || test ! -s conftest.err
configure:5937: $? = 0
configure:5940: test -s conftest
configure:5943: $? = 0
configure:5955: result: yes
configure:5867: checking for sigprocmask
configure:5924: cc -o conftest -O   conftest.c  >&5
configure:5930: $? = 0
configure:5934: test -z 
			 || test ! -s conftest.err
configure:5937: $? = 0
configure:5940: test -s conftest
configure:5943: $? = 0
configure:5955: result: yes
configure:5867: checking for sigsetmask
configure:5924: cc -o conftest -O   conftest.c  >&5
configure:5930: $? = 0
configure:5934: test -z 
			 || test ! -s conftest.err
configure:5937: $? = 0
configure:5940: test -s conftest
configure:5943: $? = 0
configure:5955: result: yes
configure:5867: checking for strchr
configure:5924: cc -o conftest -O   conftest.c  >&5
conftest.c:75: warning: conflicting types for built-in function 'strchr'
configure:5930: $? = 0
configure:5934: test -z 
			 || test ! -s conftest.err
configure:5937: $? = 0
configure:5940: test -s conftest
configure:5943: $? = 0
configure:5955: result: yes
configure:5972: checking for memcpy
configure:6029: cc -o conftest -O   conftest.c  >&5
conftest.c:76: warning: conflicting types for built-in function 'memcpy'
configure:6035: $? = 0
configure:6039: test -z 
			 || test ! -s conftest.err
configure:6042: $? = 0
configure:6045: test -s conftest
configure:6048: $? = 0
configure:6060: result: yes
configure:5972: checking for memmove
configure:6029: cc -o conftest -O   conftest.c  >&5
conftest.c:77: warning: conflicting types for built-in function 'memmove'
configure:6035: $? = 0
configure:6039: test -z 
			 || test ! -s conftest.err
configure:6042: $? = 0
configure:6045: test -s conftest
configure:6048: $? = 0
configure:6060: result: yes
configure:5972: checking for strdup
configure:6029: cc -o conftest -O   conftest.c  >&5
conftest.c:78: warning: conflicting types for built-in function 'strdup'
configure:6035: $? = 0
configure:6039: test -z 
			 || test ! -s conftest.err
configure:6042: $? = 0
configure:6045: test -s conftest
configure:6048: $? = 0
configure:6060: result: yes
configure:5972: checking for strerror
configure:6029: cc -o conftest -O   conftest.c  >&5
configure:6035: $? = 0
configure:6039: test -z 
			 || test ! -s conftest.err
configure:6042: $? = 0
configure:6045: test -s conftest
configure:6048: $? = 0
configure:6060: result: yes
configure:6088: checking for strcasecmp
configure:6145: cc -o conftest -O   conftest.c  >&5
conftest.c:80: warning: conflicting types for built-in function 'strcasecmp'
configure:6151: $? = 0
configure:6155: test -z 
			 || test ! -s conftest.err
configure:6158: $? = 0
configure:6161: test -s conftest
configure:6164: $? = 0
configure:6176: result: yes
configure:6207: checking for strncasecmp
configure:6264: cc -o conftest -O   conftest.c  >&5
conftest.c:81: warning: conflicting types for built-in function 'strncasecmp'
configure:6270: $? = 0
configure:6274: test -z 
			 || test ! -s conftest.err
configure:6277: $? = 0
configure:6280: test -s conftest
configure:6283: $? = 0
configure:6295: result: yes
configure:6331: checking build system type
configure:6349: result: x86_64-unknown-linux-gnu
configure:6412: checking for tgetent in -lncurses
configure:6442: cc -o conftest -O   conftest.c -lncurses   >&5
configure:6448: $? = 0
configure:6452: test -z 
			 || test ! -s conftest.err
configure:6455: $? = 0
configure:6458: test -s conftest
configure:6461: $? = 0
configure:6474: result: yes
configure:6490: checking for library with termcap variables
configure:6537: cc -o conftest -O   conftest.c  -lncurses >&5
In file included from /usr/include/sys/types.h:223,
                 from /usr/include/termcap.h:49,
                 from conftest.c:66:
/usr/include/sys/sysmacros.h: In function 'main':
/usr/include/sys/sysmacros.h:44: error: nested function 'gnu_dev_major' declared 'extern'
/usr/include/sys/sysmacros.h:43: error: static declaration of 'gnu_dev_major' follows non-static declaration
/usr/include/sys/sysmacros.h:31: note: previous declaration of 'gnu_dev_major' was here
/usr/include/sys/sysmacros.h:50: error: nested function 'gnu_dev_minor' declared 'extern'
/usr/include/sys/sysmacros.h:49: error: static declaration of 'gnu_dev_minor' follows non-static declaration
/usr/include/sys/sysmacros.h:34: note: previous declaration of 'gnu_dev_minor' was here
/usr/include/sys/sysmacros.h:56: error: nested function 'gnu_dev_makedev' declared 'extern'
/usr/include/sys/sysmacros.h:55: error: static declaration of 'gnu_dev_makedev' follows non-static declaration
/usr/include/sys/sysmacros.h:37: note: previous declaration of 'gnu_dev_makedev' was here
configure:6543: $? = 1
configure: failed program was:
| /* confdefs.h.  */
| 
| #define PACKAGE_NAME "GNU Texinfo"
| #define PACKAGE_TARNAME "texinfo"
| #define PACKAGE_VERSION "4.8"
| #define PACKAGE_STRING "GNU Texinfo 4.8"
| #define PACKAGE_BUGREPORT ""
| #define PACKAGE "texinfo"
| #define VERSION "4.8"
| #define STDC_HEADERS 1
| #define HAVE_SYS_TYPES_H 1
| #define HAVE_SYS_STAT_H 1
| #define HAVE_STDLIB_H 1
| #define HAVE_STRING_H 1
| #define HAVE_MEMORY_H 1
| #define HAVE_STRINGS_H 1
| #define HAVE_INTTYPES_H 1
| #define HAVE_STDINT_H 1
| #define HAVE_UNISTD_H 1
| #define STDC_HEADERS 1
| #define HAVE_FCNTL_H 1
| #define HAVE_LIMITS_H 1
| #define HAVE_PWD_H 1
| #define HAVE_STRING_H 1
| #define HAVE_STRINGS_H 1
| #define HAVE_TERMCAP_H 1
| #define HAVE_TERMIO_H 1
| #define HAVE_TERMIOS_H 1
| #define HAVE_UNISTD_H 1
| #define HAVE_SYS_FCNTL_H 1
| #define HAVE_SYS_FILE_H 1
| #define HAVE_SYS_TIME_H 1
| #define HAVE_SYS_WAIT_H 1
| #define GWINSZ_IN_SYS_IOCTL 1
| #define RETSIGTYPE void
| #define HAVE_DECL_MEMCHR 1
| #define HAVE_DECL_STRCOLL 1
| #define HAVE_DECL_STRERROR 1
| #define HAVE_ALLOCA_H 1
| #define HAVE_ALLOCA 1
| #define HAVE_STRCOLL 1
| #define HAVE_VPRINTF 1
| #define HAVE_BZERO 1
| #define HAVE_GETCWD 1
| #define HAVE_MEMSET 1
| #define HAVE_SETVBUF 1
| #define HAVE_SIGACTION 1
| #define HAVE_SIGPROCMASK 1
| #define HAVE_SIGSETMASK 1
| #define HAVE_STRCHR 1
| #define HAVE_MEMCPY 1
| #define HAVE_MEMMOVE 1
| #define HAVE_STRDUP 1
| #define HAVE_STRERROR 1
| #define HAVE_STRCASECMP 1
| #define HAVE_STRNCASECMP 1
| /* end confdefs.h.  */
| 
| int
| main ()
| {
| #ifdef HAVE_NCURSES_TERMCAP_H
| #include <ncurses/termcap.h>
| #else
| #ifdef HAVE_TERMCAP_H
| #include <termcap.h>
| #else
| #undef PC
| char *BC;
| char **UP;
| char PC;
| short ospeed;
| #endif
| #endif
| /* Make sure all variables actually exist.  AIX 4.3 has ospeed but no BC.
|    --Andreas Ley <andy@rz.uni-karlsruhe.de> 24 Aug 2000.  */
| BC++;
| UP++;
| PC++;
| return ospeed != 0;
| 
|   ;
|   return 0;
| }
configure:6537: cc -o conftest -O   conftest.c  -lncurses >&5
In file included from /usr/include/sys/types.h:223,
                 from /usr/include/termcap.h:49,
                 from conftest.c:66:
/usr/include/sys/sysmacros.h: In function 'main':
/usr/include/sys/sysmacros.h:44: error: nested function 'gnu_dev_major' declared 'extern'
/usr/include/sys/sysmacros.h:43: error: static declaration of 'gnu_dev_major' follows non-static declaration
/usr/include/sys/sysmacros.h:31: note: previous declaration of 'gnu_dev_major' was here
/usr/include/sys/sysmacros.h:50: error: nested function 'gnu_dev_minor' declared 'extern'
/usr/include/sys/sysmacros.h:49: error: static declaration of 'gnu_dev_minor' follows non-static declaration
/usr/include/sys/sysmacros.h:34: note: previous declaration of 'gnu_dev_minor' was here
/usr/include/sys/sysmacros.h:56: error: nested function 'gnu_dev_makedev' declared 'extern'
/usr/include/sys/sysmacros.h:55: error: static declaration of 'gnu_dev_makedev' follows non-static declaration
/usr/include/sys/sysmacros.h:37: note: previous declaration of 'gnu_dev_makedev' was here
configure:6543: $? = 1
configure: failed program was:
| /* confdefs.h.  */
| 
| #define PACKAGE_NAME "GNU Texinfo"
| #define PACKAGE_TARNAME "texinfo"
| #define PACKAGE_VERSION "4.8"
| #define PACKAGE_STRING "GNU Texinfo 4.8"
| #define PACKAGE_BUGREPORT ""
| #define PACKAGE "texinfo"
| #define VERSION "4.8"
| #define STDC_HEADERS 1
| #define HAVE_SYS_TYPES_H 1
| #define HAVE_SYS_STAT_H 1
| #define HAVE_STDLIB_H 1
| #define HAVE_STRING_H 1
| #define HAVE_MEMORY_H 1
| #define HAVE_STRINGS_H 1
| #define HAVE_INTTYPES_H 1
| #define HAVE_STDINT_H 1
| #define HAVE_UNISTD_H 1
| #define STDC_HEADERS 1
| #define HAVE_FCNTL_H 1
| #define HAVE_LIMITS_H 1
| #define HAVE_PWD_H 1
| #define HAVE_STRING_H 1
| #define HAVE_STRINGS_H 1
| #define HAVE_TERMCAP_H 1
| #define HAVE_TERMIO_H 1
| #define HAVE_TERMIOS_H 1
| #define HAVE_UNISTD_H 1
| #define HAVE_SYS_FCNTL_H 1
| #define HAVE_SYS_FILE_H 1
| #define HAVE_SYS_TIME_H 1
| #define HAVE_SYS_WAIT_H 1
| #define GWINSZ_IN_SYS_IOCTL 1
| #define RETSIGTYPE void
| #define HAVE_DECL_MEMCHR 1
| #define HAVE_DECL_STRCOLL 1
| #define HAVE_DECL_STRERROR 1
| #define HAVE_ALLOCA_H 1
| #define HAVE_ALLOCA 1
| #define HAVE_STRCOLL 1
| #define HAVE_VPRINTF 1
| #define HAVE_BZERO 1
| #define HAVE_GETCWD 1
| #define HAVE_MEMSET 1
| #define HAVE_SETVBUF 1
| #define HAVE_SIGACTION 1
| #define HAVE_SIGPROCMASK 1
| #define HAVE_SIGSETMASK 1
| #define HAVE_STRCHR 1
| #define HAVE_MEMCPY 1
| #define HAVE_MEMMOVE 1
| #define HAVE_STRDUP 1
| #define HAVE_STRERROR 1
| #define HAVE_STRCASECMP 1
| #define HAVE_STRNCASECMP 1
| /* end confdefs.h.  */
| 
| int
| main ()
| {
| #ifdef HAVE_NCURSES_TERMCAP_H
| #include <ncurses/termcap.h>
| #else
| #ifdef HAVE_TERMCAP_H
| #include <termcap.h>
| #else
| #undef PC
| char *BC;
| char **UP;
| char PC;
| short ospeed;
| #endif
| #endif
| /* Make sure all variables actually exist.  AIX 4.3 has ospeed but no BC.
|    --Andreas Ley <andy@rz.uni-karlsruhe.de> 24 Aug 2000.  */
| BC++;
| UP++;
| PC++;
| return ospeed != 0;
| 
|   ;
|   return 0;
| }
configure:6537: cc -o conftest -O   conftest.c  -lncurses -lcurses >&5
In file included from /usr/include/sys/types.h:223,
                 from /usr/include/termcap.h:49,
                 from conftest.c:66:
/usr/include/sys/sysmacros.h: In function 'main':
/usr/include/sys/sysmacros.h:44: error: nested function 'gnu_dev_major' declared 'extern'
/usr/include/sys/sysmacros.h:43: error: static declaration of 'gnu_dev_major' follows non-static declaration
/usr/include/sys/sysmacros.h:31: note: previous declaration of 'gnu_dev_major' was here
/usr/include/sys/sysmacros.h:50: error: nested function 'gnu_dev_minor' declared 'extern'
/usr/include/sys/sysmacros.h:49: error: static declaration of 'gnu_dev_minor' follows non-static declaration
/usr/include/sys/sysmacros.h:34: note: previous declaration of 'gnu_dev_minor' was here
/usr/include/sys/sysmacros.h:56: error: nested function 'gnu_dev_makedev' declared 'extern'
/usr/include/sys/sysmacros.h:55: error: static declaration of 'gnu_dev_makedev' follows non-static declaration
/usr/include/sys/sysmacros.h:37: note: previous declaration of 'gnu_dev_makedev' was here
configure:6543: $? = 1
configure: failed program was:
| /* confdefs.h.  */
| 
| #define PACKAGE_NAME "GNU Texinfo"
| #define PACKAGE_TARNAME "texinfo"
| #define PACKAGE_VERSION "4.8"
| #define PACKAGE_STRING "GNU Texinfo 4.8"
| #define PACKAGE_BUGREPORT ""
| #define PACKAGE "texinfo"
| #define VERSION "4.8"
| #define STDC_HEADERS 1
| #define HAVE_SYS_TYPES_H 1
| #define HAVE_SYS_STAT_H 1
| #define HAVE_STDLIB_H 1
| #define HAVE_STRING_H 1
| #define HAVE_MEMORY_H 1
| #define HAVE_STRINGS_H 1
| #define HAVE_INTTYPES_H 1
| #define HAVE_STDINT_H 1
| #define HAVE_UNISTD_H 1
| #define STDC_HEADERS 1
| #define HAVE_FCNTL_H 1
| #define HAVE_LIMITS_H 1
| #define HAVE_PWD_H 1
| #define HAVE_STRING_H 1
| #define HAVE_STRINGS_H 1
| #define HAVE_TERMCAP_H 1
| #define HAVE_TERMIO_H 1
| #define HAVE_TERMIOS_H 1
| #define HAVE_UNISTD_H 1
| #define HAVE_SYS_FCNTL_H 1
| #define HAVE_SYS_FILE_H 1
| #define HAVE_SYS_TIME_H 1
| #define HAVE_SYS_WAIT_H 1
| #define GWINSZ_IN_SYS_IOCTL 1
| #define RETSIGTYPE void
| #define HAVE_DECL_MEMCHR 1
| #define HAVE_DECL_STRCOLL 1
| #define HAVE_DECL_STRERROR 1
| #define HAVE_ALLOCA_H 1
| #define HAVE_ALLOCA 1
| #define HAVE_STRCOLL 1
| #define HAVE_VPRINTF 1
| #define HAVE_BZERO 1
| #define HAVE_GETCWD 1
| #define HAVE_MEMSET 1
| #define HAVE_SETVBUF 1
| #define HAVE_SIGACTION 1
| #define HAVE_SIGPROCMASK 1
| #define HAVE_SIGSETMASK 1
| #define HAVE_STRCHR 1
| #define HAVE_MEMCPY 1
| #define HAVE_MEMMOVE 1
| #define HAVE_STRDUP 1
| #define HAVE_STRERROR 1
| #define HAVE_STRCASECMP 1
| #define HAVE_STRNCASECMP 1
| /* end confdefs.h.  */
| 
| int
| main ()
| {
| #ifdef HAVE_NCURSES_TERMCAP_H
| #include <ncurses/termcap.h>
| #else
| #ifdef HAVE_TERMCAP_H
| #include <termcap.h>
| #else
| #undef PC
| char *BC;
| char **UP;
| char PC;
| short ospeed;
| #endif
| #endif
| /* Make sure all variables actually exist.  AIX 4.3 has ospeed but no BC.
|    --Andreas Ley <andy@rz.uni-karlsruhe.de> 24 Aug 2000.  */
| BC++;
| UP++;
| PC++;
| return ospeed != 0;
| 
|   ;
|   return 0;
| }
configure:6537: cc -o conftest -O   conftest.c  -lncurses -ltermlib >&5
In file included from /usr/include/sys/types.h:223,
                 from /usr/include/termcap.h:49,
                 from conftest.c:66:
/usr/include/sys/sysmacros.h: In function 'main':
/usr/include/sys/sysmacros.h:44: error: nested function 'gnu_dev_major' declared 'extern'
/usr/include/sys/sysmacros.h:43: error: static declaration of 'gnu_dev_major' follows non-static declaration
/usr/include/sys/sysmacros.h:31: note: previous declaration of 'gnu_dev_major' was here
/usr/include/sys/sysmacros.h:50: error: nested function 'gnu_dev_minor' declared 'extern'
/usr/include/sys/sysmacros.h:49: error: static declaration of 'gnu_dev_minor' follows non-static declaration
/usr/include/sys/sysmacros.h:34: note: previous declaration of 'gnu_dev_minor' was here
/usr/include/sys/sysmacros.h:56: error: nested function 'gnu_dev_makedev' declared 'extern'
/usr/include/sys/sysmacros.h:55: error: static declaration of 'gnu_dev_makedev' follows non-static declaration
/usr/include/sys/sysmacros.h:37: note: previous declaration of 'gnu_dev_makedev' was here
configure:6543: $? = 1
configure: failed program was:
| /* confdefs.h.  */
| 
| #define PACKAGE_NAME "GNU Texinfo"
| #define PACKAGE_TARNAME "texinfo"
| #define PACKAGE_VERSION "4.8"
| #define PACKAGE_STRING "GNU Texinfo 4.8"
| #define PACKAGE_BUGREPORT ""
| #define PACKAGE "texinfo"
| #define VERSION "4.8"
| #define STDC_HEADERS 1
| #define HAVE_SYS_TYPES_H 1
| #define HAVE_SYS_STAT_H 1
| #define HAVE_STDLIB_H 1
| #define HAVE_STRING_H 1
| #define HAVE_MEMORY_H 1
| #define HAVE_STRINGS_H 1
| #define HAVE_INTTYPES_H 1
| #define HAVE_STDINT_H 1
| #define HAVE_UNISTD_H 1
| #define STDC_HEADERS 1
| #define HAVE_FCNTL_H 1
| #define HAVE_LIMITS_H 1
| #define HAVE_PWD_H 1
| #define HAVE_STRING_H 1
| #define HAVE_STRINGS_H 1
| #define HAVE_TERMCAP_H 1
| #define HAVE_TERMIO_H 1
| #define HAVE_TERMIOS_H 1
| #define HAVE_UNISTD_H 1
| #define HAVE_SYS_FCNTL_H 1
| #define HAVE_SYS_FILE_H 1
| #define HAVE_SYS_TIME_H 1
| #define HAVE_SYS_WAIT_H 1
| #define GWINSZ_IN_SYS_IOCTL 1
| #define RETSIGTYPE void
| #define HAVE_DECL_MEMCHR 1
| #define HAVE_DECL_STRCOLL 1
| #define HAVE_DECL_STRERROR 1
| #define HAVE_ALLOCA_H 1
| #define HAVE_ALLOCA 1
| #define HAVE_STRCOLL 1
| #define HAVE_VPRINTF 1
| #define HAVE_BZERO 1
| #define HAVE_GETCWD 1
| #define HAVE_MEMSET 1
| #define HAVE_SETVBUF 1
| #define HAVE_SIGACTION 1
| #define HAVE_SIGPROCMASK 1
| #define HAVE_SIGSETMASK 1
| #define HAVE_STRCHR 1
| #define HAVE_MEMCPY 1
| #define HAVE_MEMMOVE 1
| #define HAVE_STRDUP 1
| #define HAVE_STRERROR 1
| #define HAVE_STRCASECMP 1
| #define HAVE_STRNCASECMP 1
| /* end confdefs.h.  */
| 
| int
| main ()
| {
| #ifdef HAVE_NCURSES_TERMCAP_H
| #include <ncurses/termcap.h>
| #else
| #ifdef HAVE_TERMCAP_H
| #include <termcap.h>
| #else
| #undef PC
| char *BC;
| char **UP;
| char PC;
| short ospeed;
| #endif
| #endif
| /* Make sure all variables actually exist.  AIX 4.3 has ospeed but no BC.
|    --Andreas Ley <andy@rz.uni-karlsruhe.de> 24 Aug 2000.  */
| BC++;
| UP++;
| PC++;
| return ospeed != 0;
| 
|   ;
|   return 0;
| }
configure:6537: cc -o conftest -O   conftest.c  -lncurses -ltermcap >&5
In file included from /usr/include/sys/types.h:223,
                 from /usr/include/termcap.h:49,
                 from conftest.c:66:
/usr/include/sys/sysmacros.h: In function 'main':
/usr/include/sys/sysmacros.h:44: error: nested function 'gnu_dev_major' declared 'extern'
/usr/include/sys/sysmacros.h:43: error: static declaration of 'gnu_dev_major' follows non-static declaration
/usr/include/sys/sysmacros.h:31: note: previous declaration of 'gnu_dev_major' was here
/usr/include/sys/sysmacros.h:50: error: nested function 'gnu_dev_minor' declared 'extern'
/usr/include/sys/sysmacros.h:49: error: static declaration of 'gnu_dev_minor' follows non-static declaration
/usr/include/sys/sysmacros.h:34: note: previous declaration of 'gnu_dev_minor' was here
/usr/include/sys/sysmacros.h:56: error: nested function 'gnu_dev_makedev' declared 'extern'
/usr/include/sys/sysmacros.h:55: error: static declaration of 'gnu_dev_makedev' follows non-static declaration
/usr/include/sys/sysmacros.h:37: note: previous declaration of 'gnu_dev_makedev' was here
configure:6543: $? = 1
configure: failed program was:
| /* confdefs.h.  */
| 
| #define PACKAGE_NAME "GNU Texinfo"
| #define PACKAGE_TARNAME "texinfo"
| #define PACKAGE_VERSION "4.8"
| #define PACKAGE_STRING "GNU Texinfo 4.8"
| #define PACKAGE_BUGREPORT ""
| #define PACKAGE "texinfo"
| #define VERSION "4.8"
| #define STDC_HEADERS 1
| #define HAVE_SYS_TYPES_H 1
| #define HAVE_SYS_STAT_H 1
| #define HAVE_STDLIB_H 1
| #define HAVE_STRING_H 1
| #define HAVE_MEMORY_H 1
| #define HAVE_STRINGS_H 1
| #define HAVE_INTTYPES_H 1
| #define HAVE_STDINT_H 1
| #define HAVE_UNISTD_H 1
| #define STDC_HEADERS 1
| #define HAVE_FCNTL_H 1
| #define HAVE_LIMITS_H 1
| #define HAVE_PWD_H 1
| #define HAVE_STRING_H 1
| #define HAVE_STRINGS_H 1
| #define HAVE_TERMCAP_H 1
| #define HAVE_TERMIO_H 1
| #define HAVE_TERMIOS_H 1
| #define HAVE_UNISTD_H 1
| #define HAVE_SYS_FCNTL_H 1
| #define HAVE_SYS_FILE_H 1
| #define HAVE_SYS_TIME_H 1
| #define HAVE_SYS_WAIT_H 1
| #define GWINSZ_IN_SYS_IOCTL 1
| #define RETSIGTYPE void
| #define HAVE_DECL_MEMCHR 1
| #define HAVE_DECL_STRCOLL 1
| #define HAVE_DECL_STRERROR 1
| #define HAVE_ALLOCA_H 1
| #define HAVE_ALLOCA 1
| #define HAVE_STRCOLL 1
| #define HAVE_VPRINTF 1
| #define HAVE_BZERO 1
| #define HAVE_GETCWD 1
| #define HAVE_MEMSET 1
| #define HAVE_SETVBUF 1
| #define HAVE_SIGACTION 1
| #define HAVE_SIGPROCMASK 1
| #define HAVE_SIGSETMASK 1
| #define HAVE_STRCHR 1
| #define HAVE_MEMCPY 1
| #define HAVE_MEMMOVE 1
| #define HAVE_STRDUP 1
| #define HAVE_STRERROR 1
| #define HAVE_STRCASECMP 1
| #define HAVE_STRNCASECMP 1
| /* end confdefs.h.  */
| 
| int
| main ()
| {
| #ifdef HAVE_NCURSES_TERMCAP_H
| #include <ncurses/termcap.h>
| #else
| #ifdef HAVE_TERMCAP_H
| #include <termcap.h>
| #else
| #undef PC
| char *BC;
| char **UP;
| char PC;
| short ospeed;
| #endif
| #endif
| /* Make sure all variables actually exist.  AIX 4.3 has ospeed but no BC.
|    --Andreas Ley <andy@rz.uni-karlsruhe.de> 24 Aug 2000.  */
| BC++;
| UP++;
| PC++;
| return ospeed != 0;
| 
|   ;
|   return 0;
| }
configure:6537: cc -o conftest -O   conftest.c  -lncurses -lterminfo >&5
In file included from /usr/include/sys/types.h:223,
                 from /usr/include/termcap.h:49,
                 from conftest.c:66:
/usr/include/sys/sysmacros.h: In function 'main':
/usr/include/sys/sysmacros.h:44: error: nested function 'gnu_dev_major' declared 'extern'
/usr/include/sys/sysmacros.h:43: error: static declaration of 'gnu_dev_major' follows non-static declaration
/usr/include/sys/sysmacros.h:31: note: previous declaration of 'gnu_dev_major' was here
/usr/include/sys/sysmacros.h:50: error: nested function 'gnu_dev_minor' declared 'extern'
/usr/include/sys/sysmacros.h:49: error: static declaration of 'gnu_dev_minor' follows non-static declaration
/usr/include/sys/sysmacros.h:34: note: previous declaration of 'gnu_dev_minor' was here
/usr/include/sys/sysmacros.h:56: error: nested function 'gnu_dev_makedev' declared 'extern'
/usr/include/sys/sysmacros.h:55: error: static declaration of 'gnu_dev_makedev' follows non-static declaration
/usr/include/sys/sysmacros.h:37: note: previous declaration of 'gnu_dev_makedev' was here
configure:6543: $? = 1
configure: failed program was:
| /* confdefs.h.  */
| 
| #define PACKAGE_NAME "GNU Texinfo"
| #define PACKAGE_TARNAME "texinfo"
| #define PACKAGE_VERSION "4.8"
| #define PACKAGE_STRING "GNU Texinfo 4.8"
| #define PACKAGE_BUGREPORT ""
| #define PACKAGE "texinfo"
| #define VERSION "4.8"
| #define STDC_HEADERS 1
| #define HAVE_SYS_TYPES_H 1
| #define HAVE_SYS_STAT_H 1
| #define HAVE_STDLIB_H 1
| #define HAVE_STRING_H 1
| #define HAVE_MEMORY_H 1
| #define HAVE_STRINGS_H 1
| #define HAVE_INTTYPES_H 1
| #define HAVE_STDINT_H 1
| #define HAVE_UNISTD_H 1
| #define STDC_HEADERS 1
| #define HAVE_FCNTL_H 1
| #define HAVE_LIMITS_H 1
| #define HAVE_PWD_H 1
| #define HAVE_STRING_H 1
| #define HAVE_STRINGS_H 1
| #define HAVE_TERMCAP_H 1
| #define HAVE_TERMIO_H 1
| #define HAVE_TERMIOS_H 1
| #define HAVE_UNISTD_H 1
| #define HAVE_SYS_FCNTL_H 1
| #define HAVE_SYS_FILE_H 1
| #define HAVE_SYS_TIME_H 1
| #define HAVE_SYS_WAIT_H 1
| #define GWINSZ_IN_SYS_IOCTL 1
| #define RETSIGTYPE void
| #define HAVE_DECL_MEMCHR 1
| #define HAVE_DECL_STRCOLL 1
| #define HAVE_DECL_STRERROR 1
| #define HAVE_ALLOCA_H 1
| #define HAVE_ALLOCA 1
| #define HAVE_STRCOLL 1
| #define HAVE_VPRINTF 1
| #define HAVE_BZERO 1
| #define HAVE_GETCWD 1
| #define HAVE_MEMSET 1
| #define HAVE_SETVBUF 1
| #define HAVE_SIGACTION 1
| #define HAVE_SIGPROCMASK 1
| #define HAVE_SIGSETMASK 1
| #define HAVE_STRCHR 1
| #define HAVE_MEMCPY 1
| #define HAVE_MEMMOVE 1
| #define HAVE_STRDUP 1
| #define HAVE_STRERROR 1
| #define HAVE_STRCASECMP 1
| #define HAVE_STRNCASECMP 1
| /* end confdefs.h.  */
| 
| int
| main ()
| {
| #ifdef HAVE_NCURSES_TERMCAP_H
| #include <ncurses/termcap.h>
| #else
| #ifdef HAVE_TERMCAP_H
| #include <termcap.h>
| #else
| #undef PC
| char *BC;
| char **UP;
| char PC;
| short ospeed;
| #endif
| #endif
| /* Make sure all variables actually exist.  AIX 4.3 has ospeed but no BC.
|    --Andreas Ley <andy@rz.uni-karlsruhe.de> 24 Aug 2000.  */
| BC++;
| UP++;
| PC++;
| return ospeed != 0;
| 
|   ;
|   return 0;
| }
configure:6571: result: 
configure:6597: checking ncurses/termcap.h usability
configure:6609: cc -c -O  conftest.c >&5
configure:6615: $? = 0
configure:6619: test -z 
			 || test ! -s conftest.err
configure:6622: $? = 0
configure:6625: test -s conftest.o
configure:6628: $? = 0
configure:6638: result: yes
configure:6642: checking ncurses/termcap.h presence
configure:6652: cc -E  conftest.c
configure:6658: $? = 0
configure:6678: result: yes
configure:6713: checking for ncurses/termcap.h
configure:6720: result: yes
configure:6745: checking for fcntl.h
configure:6750: result: yes
configure:6745: checking for sys/time.h
configure:6750: result: yes
configure:6745: checking for unistd.h
configure:6750: result: yes
configure:6908: checking whether getenv is declared
configure:6932: cc -c -O  conftest.c >&5
configure:6938: $? = 0
configure:6942: test -z 
			 || test ! -s conftest.err
configure:6945: $? = 0
configure:6948: test -s conftest.o
configure:6951: $? = 0
configure:6962: result: yes
configure:6982: checking for inttypes.h
configure:7004: cc -c -O  conftest.c >&5
configure:7010: $? = 0
configure:7014: test -z 
			 || test ! -s conftest.err
configure:7017: $? = 0
configure:7020: test -s conftest.o
configure:7023: $? = 0
configure:7034: result: yes
configure:7045: checking for stdint.h
configure:7067: cc -c -O  conftest.c >&5
configure:7073: $? = 0
configure:7077: test -z 
			 || test ! -s conftest.err
configure:7080: $? = 0
configure:7083: test -s conftest.o
configure:7086: $? = 0
configure:7097: result: yes
configure:7108: checking for unsigned long long
configure:7130: cc -o conftest -O   conftest.c  >&5
configure:7136: $? = 0
configure:7140: test -z 
			 || test ! -s conftest.err
configure:7143: $? = 0
configure:7146: test -s conftest
configure:7149: $? = 0
configure:7161: result: yes
configure:7196: checking for mkstemp
configure:7253: cc -o conftest -O   conftest.c  >&5
configure:7259: $? = 0
configure:7263: test -z 
			 || test ! -s conftest.err
configure:7266: $? = 0
configure:7269: test -s conftest
configure:7272: $? = 0
configure:7284: result: yes
configure:7307: checking for mkstemp limitations
configure:7341: cc -o conftest -O   conftest.c  >&5
configure:7344: $? = 0
configure:7346: ./conftest
configure:7349: $? = 0
configure:7365: result: no
configure:7674: checking host system type
configure:7688: result: x86_64-unknown-linux-gnu
configure:7749: checking whether NLS is requested
configure:7758: result: yes
configure:7796: checking for msgfmt
configure:7827: result: /usr/bin/msgfmt
configure:7836: checking for gmsgfmt
configure:7867: result: /usr/bin/msgfmt
configure:7906: checking for xgettext
configure:7937: result: /usr/bin/xgettext
configure:7977: checking for msgmerge
configure:8007: result: /usr/bin/msgmerge
configure:8043: checking for signed
configure:8064: cc -c -O  conftest.c >&5
configure:8070: $? = 0
configure:8074: test -z 
			 || test ! -s conftest.err
configure:8077: $? = 0
configure:8080: test -s conftest.o
configure:8083: $? = 0
configure:8094: result: yes
configure:8104: checking for inline
configure:8125: cc -c -O  conftest.c >&5
configure:8131: $? = 0
configure:8135: test -z 
			 || test ! -s conftest.err
configure:8138: $? = 0
configure:8141: test -s conftest.o
configure:8144: $? = 0
configure:8156: result: inline
configure:8175: checking for size_t
configure:8199: cc -c -O  conftest.c >&5
configure:8205: $? = 0
configure:8209: test -z 
			 || test ! -s conftest.err
configure:8212: $? = 0
configure:8215: test -s conftest.o
configure:8218: $? = 0
configure:8229: result: yes
configure:8242: checking for long long
configure:8264: cc -o conftest -O   conftest.c  >&5
configure:8270: $? = 0
configure:8274: test -z 
			 || test ! -s conftest.err
configure:8277: $? = 0
configure:8280: test -s conftest
configure:8283: $? = 0
configure:8295: result: yes
configure:8306: checking for long double
configure:8366: result: yes
configure:8377: checking for wchar_t
configure:8399: cc -c -O  conftest.c >&5
configure:8405: $? = 0
configure:8409: test -z 
			 || test ! -s conftest.err
configure:8412: $? = 0
configure:8415: test -s conftest.o
configure:8418: $? = 0
configure:8429: result: yes
configure:8440: checking for wint_t
configure:8462: cc -c -O  conftest.c >&5
configure:8468: $? = 0
configure:8472: test -z 
			 || test ! -s conftest.err
configure:8475: $? = 0
configure:8478: test -s conftest.o
configure:8481: $? = 0
configure:8492: result: yes
configure:8505: checking for intmax_t
configure:8535: cc -c -O  conftest.c >&5
configure:8541: $? = 0
configure:8545: test -z 
			 || test ! -s conftest.err
configure:8548: $? = 0
configure:8551: test -s conftest.o
configure:8554: $? = 0
configure:8565: result: yes
configure:8577: checking whether printf() supports POSIX/XSI format strings
configure:8627: cc -o conftest -O   conftest.c  >&5
configure:8630: $? = 0
configure:8632: ./conftest
configure:8635: $? = 0
configure:8650: result: yes
configure:8668: checking for stdlib.h
configure:8673: result: yes
configure:8668: checking for unistd.h
configure:8673: result: yes
configure:8817: checking for getpagesize
configure:8874: cc -o conftest -O   conftest.c  >&5
configure:8880: $? = 0
configure:8884: test -z 
			 || test ! -s conftest.err
configure:8887: $? = 0
configure:8890: test -s conftest
configure:8893: $? = 0
configure:8905: result: yes
configure:8915: checking for working mmap
configure:9057: cc -o conftest -O   conftest.c  >&5
configure:9060: $? = 0
configure:9062: ./conftest
configure:9065: $? = 0
configure:9079: result: yes
configure:9091: checking whether we are using the GNU C Library 2.1 or newer
configure:9122: result: yes
configure:9130: checking whether integer division by zero raises SIGFPE
configure:9192: cc -o conftest -O   conftest.c  >&5
conftest.c:96: warning: built-in function 'nan' declared as non-function
configure:9195: $? = 0
configure:9197: ./conftest
configure:9200: $? = 0
configure:9215: result: yes
configure:9228: checking for inttypes.h
configure:9251: cc -c -O  conftest.c >&5
configure:9257: $? = 0
configure:9261: test -z 
			 || test ! -s conftest.err
configure:9264: $? = 0
configure:9267: test -s conftest.o
configure:9270: $? = 0
configure:9282: result: yes
configure:9295: checking whether the inttypes.h PRIxNN macros are broken
configure:9321: cc -c -O  conftest.c >&5
configure:9327: $? = 0
configure:9331: test -z 
			 || test ! -s conftest.err
configure:9334: $? = 0
configure:9337: test -s conftest.o
configure:9340: $? = 0
configure:9352: result: no
configure:9369: checking for stdint.h
configure:9374: result: yes
configure:9514: checking for SIZE_MAX
configure:10583: result: yes
configure:10600: checking for stdint.h
configure:10605: result: yes
configure:10786: checking for ld used by GCC
configure:10850: result: /usr/bin/ld
configure:10859: checking if the linker (/usr/bin/ld) is GNU ld
configure:10872: result: yes
configure:10878: checking for shared library run path origin
configure:10891: result: done
configure:11297: checking for ptrdiff_t
configure:11321: cc -c -O  conftest.c >&5
configure:11327: $? = 0
configure:11331: test -z 
			 || test ! -s conftest.err
configure:11334: $? = 0
configure:11337: test -s conftest.o
configure:11340: $? = 0
configure:11351: result: yes
configure:11388: checking argz.h usability
configure:11400: cc -c -O  conftest.c >&5
configure:11406: $? = 0
configure:11410: test -z 
			 || test ! -s conftest.err
configure:11413: $? = 0
configure:11416: test -s conftest.o
configure:11419: $? = 0
configure:11429: result: yes
configure:11433: checking argz.h presence
configure:11443: cc -E  conftest.c
configure:11449: $? = 0
configure:11469: result: yes
configure:11504: checking for argz.h
configure:11511: result: yes
configure:11379: checking for limits.h
configure:11384: result: yes
configure:11388: checking locale.h usability
configure:11400: cc -c -O  conftest.c >&5
configure:11406: $? = 0
configure:11410: test -z 
			 || test ! -s conftest.err
configure:11413: $? = 0
configure:11416: test -s conftest.o
configure:11419: $? = 0
configure:11429: result: yes
configure:11433: checking locale.h presence
configure:11443: cc -E  conftest.c
configure:11449: $? = 0
configure:11469: result: yes
configure:11504: checking for locale.h
configure:11511: result: yes
configure:11388: checking nl_types.h usability
configure:11400: cc -c -O  conftest.c >&5
configure:11406: $? = 0
configure:11410: test -z 
			 || test ! -s conftest.err
configure:11413: $? = 0
configure:11416: test -s conftest.o
configure:11419: $? = 0
configure:11429: result: yes
configure:11433: checking nl_types.h presence
configure:11443: cc -E  conftest.c
configure:11449: $? = 0
configure:11469: result: yes
configure:11504: checking for nl_types.h
configure:11511: result: yes
configure:11388: checking malloc.h usability
configure:11400: cc -c -O  conftest.c >&5
configure:11406: $? = 0
configure:11410: test -z 
			 || test ! -s conftest.err
configure:11413: $? = 0
configure:11416: test -s conftest.o
configure:11419: $? = 0
configure:11429: result: yes
configure:11433: checking malloc.h presence
configure:11443: cc -E  conftest.c
configure:11449: $? = 0
configure:11469: result: yes
configure:11504: checking for malloc.h
configure:11511: result: yes
configure:11388: checking stddef.h usability
configure:11400: cc -c -O  conftest.c >&5
configure:11406: $? = 0
configure:11410: test -z 
			 || test ! -s conftest.err
configure:11413: $? = 0
configure:11416: test -s conftest.o
configure:11419: $? = 0
configure:11429: result: yes
configure:11433: checking stddef.h presence
configure:11443: cc -E  conftest.c
configure:11449: $? = 0
configure:11469: result: yes
configure:11504: checking for stddef.h
configure:11511: result: yes
configure:11379: checking for stdlib.h
configure:11384: result: yes
configure:11379: checking for string.h
configure:11384: result: yes
configure:11379: checking for unistd.h
configure:11384: result: yes
configure:11388: checking sys/param.h usability
configure:11400: cc -c -O  conftest.c >&5
configure:11406: $? = 0
configure:11410: test -z 
			 || test ! -s conftest.err
configure:11413: $? = 0
configure:11416: test -s conftest.o
configure:11419: $? = 0
configure:11429: result: yes
configure:11433: checking sys/param.h presence
configure:11443: cc -E  conftest.c
configure:11449: $? = 0
configure:11469: result: yes
configure:11504: checking for sys/param.h
configure:11511: result: yes
configure:11553: checking for asprintf
configure:11610: cc -o conftest -O   conftest.c  >&5
configure:11616: $? = 0
configure:11620: test -z 
			 || test ! -s conftest.err
configure:11623: $? = 0
configure:11626: test -s conftest
configure:11629: $? = 0
configure:11641: result: yes
configure:11553: checking for fwprintf
configure:11610: cc -o conftest -O   conftest.c  >&5
configure:11616: $? = 0
configure:11620: test -z 
			 || test ! -s conftest.err
configure:11623: $? = 0
configure:11626: test -s conftest
configure:11629: $? = 0
configure:11641: result: yes
configure:11553: checking for getcwd
configure:11641: result: yes
configure:11553: checking for getegid
configure:11610: cc -o conftest -O   conftest.c  >&5
configure:11616: $? = 0
configure:11620: test -z 
			 || test ! -s conftest.err
configure:11623: $? = 0
configure:11626: test -s conftest
configure:11629: $? = 0
configure:11641: result: yes
configure:11553: checking for geteuid
configure:11610: cc -o conftest -O   conftest.c  >&5
configure:11616: $? = 0
configure:11620: test -z 
			 || test ! -s conftest.err
configure:11623: $? = 0
configure:11626: test -s conftest
configure:11629: $? = 0
configure:11641: result: yes
configure:11553: checking for getgid
configure:11610: cc -o conftest -O   conftest.c  >&5
configure:11616: $? = 0
configure:11620: test -z 
			 || test ! -s conftest.err
configure:11623: $? = 0
configure:11626: test -s conftest
configure:11629: $? = 0
configure:11641: result: yes
configure:11553: checking for getuid
configure:11610: cc -o conftest -O   conftest.c  >&5
configure:11616: $? = 0
configure:11620: test -z 
			 || test ! -s conftest.err
configure:11623: $? = 0
configure:11626: test -s conftest
configure:11629: $? = 0
configure:11641: result: yes
configure:11553: checking for mempcpy
configure:11610: cc -o conftest -O   conftest.c  >&5
conftest.c:123: warning: conflicting types for built-in function 'mempcpy'
configure:11616: $? = 0
configure:11620: test -z 
			 || test ! -s conftest.err
configure:11623: $? = 0
configure:11626: test -s conftest
configure:11629: $? = 0
configure:11641: result: yes
configure:11553: checking for munmap
configure:11610: cc -o conftest -O   conftest.c  >&5
configure:11616: $? = 0
configure:11620: test -z 
			 || test ! -s conftest.err
configure:11623: $? = 0
configure:11626: test -s conftest
configure:11629: $? = 0
configure:11641: result: yes
configure:11553: checking for putenv
configure:11610: cc -o conftest -O   conftest.c  >&5
configure:11616: $? = 0
configure:11620: test -z 
			 || test ! -s conftest.err
configure:11623: $? = 0
configure:11626: test -s conftest
configure:11629: $? = 0
configure:11641: result: yes
configure:11553: checking for setenv
configure:11610: cc -o conftest -O   conftest.c  >&5
configure:11616: $? = 0
configure:11620: test -z 
			 || test ! -s conftest.err
configure:11623: $? = 0
configure:11626: test -s conftest
configure:11629: $? = 0
configure:11641: result: yes
configure:11553: checking for setlocale
configure:11610: cc -o conftest -O   conftest.c  >&5
configure:11616: $? = 0
configure:11620: test -z 
			 || test ! -s conftest.err
configure:11623: $? = 0
configure:11626: test -s conftest
configure:11629: $? = 0
configure:11641: result: yes
configure:11553: checking for snprintf
configure:11610: cc -o conftest -O   conftest.c  >&5
conftest.c:128: warning: conflicting types for built-in function 'snprintf'
configure:11616: $? = 0
configure:11620: test -z 
			 || test ! -s conftest.err
configure:11623: $? = 0
configure:11626: test -s conftest
configure:11629: $? = 0
configure:11641: result: yes
configure:11553: checking for stpcpy
configure:11610: cc -o conftest -O   conftest.c  >&5
conftest.c:129: warning: conflicting types for built-in function 'stpcpy'
configure:11616: $? = 0
configure:11620: test -z 
			 || test ! -s conftest.err
configure:11623: $? = 0
configure:11626: test -s conftest
configure:11629: $? = 0
configure:11641: result: yes
configure:11553: checking for strcasecmp
configure:11641: result: yes
configure:11553: checking for strdup
configure:11641: result: yes
configure:11553: checking for strtoul
configure:11610: cc -o conftest -O   conftest.c  >&5
configure:11616: $? = 0
configure:11620: test -z 
			 || test ! -s conftest.err
configure:11623: $? = 0
configure:11626: test -s conftest
configure:11629: $? = 0
configure:11641: result: yes
configure:11553: checking for tsearch
configure:11610: cc -o conftest -O   conftest.c  >&5
configure:11616: $? = 0
configure:11620: test -z 
			 || test ! -s conftest.err
configure:11623: $? = 0
configure:11626: test -s conftest
configure:11629: $? = 0
configure:11641: result: yes
configure:11553: checking for wcslen
configure:11610: cc -o conftest -O   conftest.c  >&5
configure:11616: $? = 0
configure:11620: test -z 
			 || test ! -s conftest.err
configure:11623: $? = 0
configure:11626: test -s conftest
configure:11629: $? = 0
configure:11641: result: yes
configure:11553: checking for __argz_count
configure:11610: cc -o conftest -O   conftest.c  >&5
configure:11616: $? = 0
configure:11620: test -z 
			 || test ! -s conftest.err
configure:11623: $? = 0
configure:11626: test -s conftest
configure:11629: $? = 0
configure:11641: result: yes
configure:11553: checking for __argz_stringify
configure:11610: cc -o conftest -O   conftest.c  >&5
configure:11616: $? = 0
configure:11620: test -z 
			 || test ! -s conftest.err
configure:11623: $? = 0
configure:11626: test -s conftest
configure:11629: $? = 0
configure:11641: result: yes
configure:11553: checking for __argz_next
configure:11610: cc -o conftest -O   conftest.c  >&5
configure:11616: $? = 0
configure:11620: test -z 
			 || test ! -s conftest.err
configure:11623: $? = 0
configure:11626: test -s conftest
configure:11629: $? = 0
configure:11641: result: yes
configure:11553: checking for __fsetlocking
configure:11610: cc -o conftest -O   conftest.c  >&5
configure:11616: $? = 0
configure:11620: test -z 
			 || test ! -s conftest.err
configure:11623: $? = 0
configure:11626: test -s conftest
configure:11629: $? = 0
configure:11641: result: yes
configure:11653: checking whether _snprintf is declared
configure:11678: cc -c -O  conftest.c >&5
conftest.c: In function 'main':
conftest.c:121: error: '_snprintf' undeclared (first use in this function)
conftest.c:121: error: (Each undeclared identifier is reported only once
conftest.c:121: error: for each function it appears in.)
configure:11684: $? = 1
configure: failed program was:
| /* confdefs.h.  */
| 
| #define PACKAGE_NAME "GNU Texinfo"
| #define PACKAGE_TARNAME "texinfo"
| #define PACKAGE_VERSION "4.8"
| #define PACKAGE_STRING "GNU Texinfo 4.8"
| #define PACKAGE_BUGREPORT ""
| #define PACKAGE "texinfo"
| #define VERSION "4.8"
| #define STDC_HEADERS 1
| #define HAVE_SYS_TYPES_H 1
| #define HAVE_SYS_STAT_H 1
| #define HAVE_STDLIB_H 1
| #define HAVE_STRING_H 1
| #define HAVE_MEMORY_H 1
| #define HAVE_STRINGS_H 1
| #define HAVE_INTTYPES_H 1
| #define HAVE_STDINT_H 1
| #define HAVE_UNISTD_H 1
| #define STDC_HEADERS 1
| #define HAVE_FCNTL_H 1
| #define HAVE_LIMITS_H 1
| #define HAVE_PWD_H 1
| #define HAVE_STRING_H 1
| #define HAVE_STRINGS_H 1
| #define HAVE_TERMCAP_H 1
| #define HAVE_TERMIO_H 1
| #define HAVE_TERMIOS_H 1
| #define HAVE_UNISTD_H 1
| #define HAVE_SYS_FCNTL_H 1
| #define HAVE_SYS_FILE_H 1
| #define HAVE_SYS_TIME_H 1
| #define HAVE_SYS_WAIT_H 1
| #define GWINSZ_IN_SYS_IOCTL 1
| #define RETSIGTYPE void
| #define HAVE_DECL_MEMCHR 1
| #define HAVE_DECL_STRCOLL 1
| #define HAVE_DECL_STRERROR 1
| #define HAVE_ALLOCA_H 1
| #define HAVE_ALLOCA 1
| #define HAVE_STRCOLL 1
| #define HAVE_VPRINTF 1
| #define HAVE_BZERO 1
| #define HAVE_GETCWD 1
| #define HAVE_MEMSET 1
| #define HAVE_SETVBUF 1
| #define HAVE_SIGACTION 1
| #define HAVE_SIGPROCMASK 1
| #define HAVE_SIGSETMASK 1
| #define HAVE_STRCHR 1
| #define HAVE_MEMCPY 1
| #define HAVE_MEMMOVE 1
| #define HAVE_STRDUP 1
| #define HAVE_STRERROR 1
| #define HAVE_STRCASECMP 1
| #define HAVE_STRNCASECMP 1
| #define HAVE_NCURSES_TERMCAP_H 1
| #define HAVE_FCNTL_H 1
| #define HAVE_SYS_TIME_H 1
| #define HAVE_UNISTD_H 1
| #define HAVE_DECL_GETENV 1
| #define HAVE_INTTYPES_H_WITH_UINTMAX 1
| #define HAVE_STDINT_H_WITH_UINTMAX 1
| #define HAVE_UNSIGNED_LONG_LONG 1
| #define HAVE_UINTMAX_T 1
| #define HAVE_MKSTEMP 1
| #define HAVE_LONG_LONG 1
| #define HAVE_LONG_DOUBLE 1
| #define HAVE_WCHAR_T 1
| #define HAVE_WINT_T 1
| #define HAVE_INTMAX_T 1
| #define HAVE_POSIX_PRINTF 1
| #define HAVE_STDLIB_H 1
| #define HAVE_UNISTD_H 1
| #define HAVE_GETPAGESIZE 1
| #define HAVE_MMAP 1
| #define INTDIV0_RAISES_SIGFPE 1
| #define HAVE_INTTYPES_H 1
| #define HAVE_STDINT_H 1
| #define HAVE_STDINT_H 1
| #define HAVE_ARGZ_H 1
| #define HAVE_LIMITS_H 1
| #define HAVE_LOCALE_H 1
| #define HAVE_NL_TYPES_H 1
| #define HAVE_MALLOC_H 1
| #define HAVE_STDDEF_H 1
| #define HAVE_STDLIB_H 1
| #define HAVE_STRING_H 1
| #define HAVE_UNISTD_H 1
| #define HAVE_SYS_PARAM_H 1
| #define HAVE_ASPRINTF 1
| #define HAVE_FWPRINTF 1
| #define HAVE_GETCWD 1
| #define HAVE_GETEGID 1
| #define HAVE_GETEUID 1
| #define HAVE_GETGID 1
| #define HAVE_GETUID 1
| #define HAVE_MEMPCPY 1
| #define HAVE_MUNMAP 1
| #define HAVE_PUTENV 1
| #define HAVE_SETENV 1
| #define HAVE_SETLOCALE 1
| #define HAVE_SNPRINTF 1
| #define HAVE_STPCPY 1
| #define HAVE_STRCASECMP 1
| #define HAVE_STRDUP 1
| #define HAVE_STRTOUL 1
| #define HAVE_TSEARCH 1
| #define HAVE_WCSLEN 1
| #define HAVE___ARGZ_COUNT 1
| #define HAVE___ARGZ_STRINGIFY 1
| #define HAVE___ARGZ_NEXT 1
| #define HAVE___FSETLOCKING 1
| /* end confdefs.h.  */
| #include <stdio.h>
| int
| main ()
| {
| 
| #ifndef _snprintf
|   char *p = (char *) _snprintf;
| #endif
| 
|   ;
|   return 0;
| }
configure:11708: result: no
configure:11722: checking whether _snwprintf is declared
configure:11747: cc -c -O  conftest.c >&5
conftest.c: In function 'main':
conftest.c:122: error: '_snwprintf' undeclared (first use in this function)
conftest.c:122: error: (Each undeclared identifier is reported only once
conftest.c:122: error: for each function it appears in.)
configure:11753: $? = 1
configure: failed program was:
| /* confdefs.h.  */
| 
| #define PACKAGE_NAME "GNU Texinfo"
| #define PACKAGE_TARNAME "texinfo"
| #define PACKAGE_VERSION "4.8"
| #define PACKAGE_STRING "GNU Texinfo 4.8"
| #define PACKAGE_BUGREPORT ""
| #define PACKAGE "texinfo"
| #define VERSION "4.8"
| #define STDC_HEADERS 1
| #define HAVE_SYS_TYPES_H 1
| #define HAVE_SYS_STAT_H 1
| #define HAVE_STDLIB_H 1
| #define HAVE_STRING_H 1
| #define HAVE_MEMORY_H 1
| #define HAVE_STRINGS_H 1
| #define HAVE_INTTYPES_H 1
| #define HAVE_STDINT_H 1
| #define HAVE_UNISTD_H 1
| #define STDC_HEADERS 1
| #define HAVE_FCNTL_H 1
| #define HAVE_LIMITS_H 1
| #define HAVE_PWD_H 1
| #define HAVE_STRING_H 1
| #define HAVE_STRINGS_H 1
| #define HAVE_TERMCAP_H 1
| #define HAVE_TERMIO_H 1
| #define HAVE_TERMIOS_H 1
| #define HAVE_UNISTD_H 1
| #define HAVE_SYS_FCNTL_H 1
| #define HAVE_SYS_FILE_H 1
| #define HAVE_SYS_TIME_H 1
| #define HAVE_SYS_WAIT_H 1
| #define GWINSZ_IN_SYS_IOCTL 1
| #define RETSIGTYPE void
| #define HAVE_DECL_MEMCHR 1
| #define HAVE_DECL_STRCOLL 1
| #define HAVE_DECL_STRERROR 1
| #define HAVE_ALLOCA_H 1
| #define HAVE_ALLOCA 1
| #define HAVE_STRCOLL 1
| #define HAVE_VPRINTF 1
| #define HAVE_BZERO 1
| #define HAVE_GETCWD 1
| #define HAVE_MEMSET 1
| #define HAVE_SETVBUF 1
| #define HAVE_SIGACTION 1
| #define HAVE_SIGPROCMASK 1
| #define HAVE_SIGSETMASK 1
| #define HAVE_STRCHR 1
| #define HAVE_MEMCPY 1
| #define HAVE_MEMMOVE 1
| #define HAVE_STRDUP 1
| #define HAVE_STRERROR 1
| #define HAVE_STRCASECMP 1
| #define HAVE_STRNCASECMP 1
| #define HAVE_NCURSES_TERMCAP_H 1
| #define HAVE_FCNTL_H 1
| #define HAVE_SYS_TIME_H 1
| #define HAVE_UNISTD_H 1
| #define HAVE_DECL_GETENV 1
| #define HAVE_INTTYPES_H_WITH_UINTMAX 1
| #define HAVE_STDINT_H_WITH_UINTMAX 1
| #define HAVE_UNSIGNED_LONG_LONG 1
| #define HAVE_UINTMAX_T 1
| #define HAVE_MKSTEMP 1
| #define HAVE_LONG_LONG 1
| #define HAVE_LONG_DOUBLE 1
| #define HAVE_WCHAR_T 1
| #define HAVE_WINT_T 1
| #define HAVE_INTMAX_T 1
| #define HAVE_POSIX_PRINTF 1
| #define HAVE_STDLIB_H 1
| #define HAVE_UNISTD_H 1
| #define HAVE_GETPAGESIZE 1
| #define HAVE_MMAP 1
| #define INTDIV0_RAISES_SIGFPE 1
| #define HAVE_INTTYPES_H 1
| #define HAVE_STDINT_H 1
| #define HAVE_STDINT_H 1
| #define HAVE_ARGZ_H 1
| #define HAVE_LIMITS_H 1
| #define HAVE_LOCALE_H 1
| #define HAVE_NL_TYPES_H 1
| #define HAVE_MALLOC_H 1
| #define HAVE_STDDEF_H 1
| #define HAVE_STDLIB_H 1
| #define HAVE_STRING_H 1
| #define HAVE_UNISTD_H 1
| #define HAVE_SYS_PARAM_H 1
| #define HAVE_ASPRINTF 1
| #define HAVE_FWPRINTF 1
| #define HAVE_GETCWD 1
| #define HAVE_GETEGID 1
| #define HAVE_GETEUID 1
| #define HAVE_GETGID 1
| #define HAVE_GETUID 1
| #define HAVE_MEMPCPY 1
| #define HAVE_MUNMAP 1
| #define HAVE_PUTENV 1
| #define HAVE_SETENV 1
| #define HAVE_SETLOCALE 1
| #define HAVE_SNPRINTF 1
| #define HAVE_STPCPY 1
| #define HAVE_STRCASECMP 1
| #define HAVE_STRDUP 1
| #define HAVE_STRTOUL 1
| #define HAVE_TSEARCH 1
| #define HAVE_WCSLEN 1
| #define HAVE___ARGZ_COUNT 1
| #define HAVE___ARGZ_STRINGIFY 1
| #define HAVE___ARGZ_NEXT 1
| #define HAVE___FSETLOCKING 1
| #define HAVE_DECL__SNPRINTF 0
| /* end confdefs.h.  */
| #include <stdio.h>
| int
| main ()
| {
| 
| #ifndef _snwprintf
|   char *p = (char *) _snwprintf;
| #endif
| 
|   ;
|   return 0;
| }
configure:11777: result: no
configure:11792: checking whether feof_unlocked is declared
configure:11817: cc -c -O  conftest.c >&5
configure:11823: $? = 0
configure:11827: test -z 
			 || test ! -s conftest.err
configure:11830: $? = 0
configure:11833: test -s conftest.o
configure:11836: $? = 0
configure:11847: result: yes
configure:11861: checking whether fgets_unlocked is declared
configure:11886: cc -c -O  conftest.c >&5
conftest.c: In function 'main':
conftest.c:124: error: 'fgets_unlocked' undeclared (first use in this function)
conftest.c:124: error: (Each undeclared identifier is reported only once
conftest.c:124: error: for each function it appears in.)
configure:11892: $? = 1
configure: failed program was:
| /* confdefs.h.  */
| 
| #define PACKAGE_NAME "GNU Texinfo"
| #define PACKAGE_TARNAME "texinfo"
| #define PACKAGE_VERSION "4.8"
| #define PACKAGE_STRING "GNU Texinfo 4.8"
| #define PACKAGE_BUGREPORT ""
| #define PACKAGE "texinfo"
| #define VERSION "4.8"
| #define STDC_HEADERS 1
| #define HAVE_SYS_TYPES_H 1
| #define HAVE_SYS_STAT_H 1
| #define HAVE_STDLIB_H 1
| #define HAVE_STRING_H 1
| #define HAVE_MEMORY_H 1
| #define HAVE_STRINGS_H 1
| #define HAVE_INTTYPES_H 1
| #define HAVE_STDINT_H 1
| #define HAVE_UNISTD_H 1
| #define STDC_HEADERS 1
| #define HAVE_FCNTL_H 1
| #define HAVE_LIMITS_H 1
| #define HAVE_PWD_H 1
| #define HAVE_STRING_H 1
| #define HAVE_STRINGS_H 1
| #define HAVE_TERMCAP_H 1
| #define HAVE_TERMIO_H 1
| #define HAVE_TERMIOS_H 1
| #define HAVE_UNISTD_H 1
| #define HAVE_SYS_FCNTL_H 1
| #define HAVE_SYS_FILE_H 1
| #define HAVE_SYS_TIME_H 1
| #define HAVE_SYS_WAIT_H 1
| #define GWINSZ_IN_SYS_IOCTL 1
| #define RETSIGTYPE void
| #define HAVE_DECL_MEMCHR 1
| #define HAVE_DECL_STRCOLL 1
| #define HAVE_DECL_STRERROR 1
| #define HAVE_ALLOCA_H 1
| #define HAVE_ALLOCA 1
| #define HAVE_STRCOLL 1
| #define HAVE_VPRINTF 1
| #define HAVE_BZERO 1
| #define HAVE_GETCWD 1
| #define HAVE_MEMSET 1
| #define HAVE_SETVBUF 1
| #define HAVE_SIGACTION 1
| #define HAVE_SIGPROCMASK 1
| #define HAVE_SIGSETMASK 1
| #define HAVE_STRCHR 1
| #define HAVE_MEMCPY 1
| #define HAVE_MEMMOVE 1
| #define HAVE_STRDUP 1
| #define HAVE_STRERROR 1
| #define HAVE_STRCASECMP 1
| #define HAVE_STRNCASECMP 1
| #define HAVE_NCURSES_TERMCAP_H 1
| #define HAVE_FCNTL_H 1
| #define HAVE_SYS_TIME_H 1
| #define HAVE_UNISTD_H 1
| #define HAVE_DECL_GETENV 1
| #define HAVE_INTTYPES_H_WITH_UINTMAX 1
| #define HAVE_STDINT_H_WITH_UINTMAX 1
| #define HAVE_UNSIGNED_LONG_LONG 1
| #define HAVE_UINTMAX_T 1
| #define HAVE_MKSTEMP 1
| #define HAVE_LONG_LONG 1
| #define HAVE_LONG_DOUBLE 1
| #define HAVE_WCHAR_T 1
| #define HAVE_WINT_T 1
| #define HAVE_INTMAX_T 1
| #define HAVE_POSIX_PRINTF 1
| #define HAVE_STDLIB_H 1
| #define HAVE_UNISTD_H 1
| #define HAVE_GETPAGESIZE 1
| #define HAVE_MMAP 1
| #define INTDIV0_RAISES_SIGFPE 1
| #define HAVE_INTTYPES_H 1
| #define HAVE_STDINT_H 1
| #define HAVE_STDINT_H 1
| #define HAVE_ARGZ_H 1
| #define HAVE_LIMITS_H 1
| #define HAVE_LOCALE_H 1
| #define HAVE_NL_TYPES_H 1
| #define HAVE_MALLOC_H 1
| #define HAVE_STDDEF_H 1
| #define HAVE_STDLIB_H 1
| #define HAVE_STRING_H 1
| #define HAVE_UNISTD_H 1
| #define HAVE_SYS_PARAM_H 1
| #define HAVE_ASPRINTF 1
| #define HAVE_FWPRINTF 1
| #define HAVE_GETCWD 1
| #define HAVE_GETEGID 1
| #define HAVE_GETEUID 1
| #define HAVE_GETGID 1
| #define HAVE_GETUID 1
| #define HAVE_MEMPCPY 1
| #define HAVE_MUNMAP 1
| #define HAVE_PUTENV 1
| #define HAVE_SETENV 1
| #define HAVE_SETLOCALE 1
| #define HAVE_SNPRINTF 1
| #define HAVE_STPCPY 1
| #define HAVE_STRCASECMP 1
| #define HAVE_STRDUP 1
| #define HAVE_STRTOUL 1
| #define HAVE_TSEARCH 1
| #define HAVE_WCSLEN 1
| #define HAVE___ARGZ_COUNT 1
| #define HAVE___ARGZ_STRINGIFY 1
| #define HAVE___ARGZ_NEXT 1
| #define HAVE___FSETLOCKING 1
| #define HAVE_DECL__SNPRINTF 0
| #define HAVE_DECL__SNWPRINTF 0
| #define HAVE_DECL_FEOF_UNLOCKED 1
| /* end confdefs.h.  */
| #include <stdio.h>
| int
| main ()
| {
| 
| #ifndef fgets_unlocked
|   char *p = (char *) fgets_unlocked;
| #endif
| 
|   ;
|   return 0;
| }
configure:11916: result: no
configure:11930: checking whether getc_unlocked is declared
configure:11955: cc -c -O  conftest.c >&5
configure:11961: $? = 0
configure:11965: test -z 
			 || test ! -s conftest.err
configure:11968: $? = 0
configure:11971: test -s conftest.o
configure:11974: $? = 0
configure:11985: result: yes
configure:12053: checking for iconv
configure:12080: cc -o conftest -O   conftest.c  >&5
configure:12086: $? = 0
configure:12090: test -z 
			 || test ! -s conftest.err
configure:12093: $? = 0
configure:12096: test -s conftest
configure:12099: $? = 0
configure:12165: result: yes
configure:12188: checking for iconv declaration
configure:12222: cc -c -O  conftest.c >&5
configure:12228: $? = 0
configure:12232: test -z 
			 || test ! -s conftest.err
configure:12235: $? = 0
configure:12238: test -s conftest.o
configure:12241: $? = 0
configure:12256: result: 
         extern size_t iconv (iconv_t cd, char * *inbuf, size_t *inbytesleft, char * *outbuf, size_t *outbytesleft);
configure:12267: checking for nl_langinfo and CODESET
configure:12288: cc -o conftest -O   conftest.c  >&5
configure:12294: $? = 0
configure:12298: test -z 
			 || test ! -s conftest.err
configure:12301: $? = 0
configure:12304: test -s conftest
configure:12307: $? = 0
configure:12320: result: yes
configure:12332: checking for LC_MESSAGES
configure:12353: cc -o conftest -O   conftest.c  >&5
configure:12359: $? = 0
configure:12363: test -z 
			 || test ! -s conftest.err
configure:12366: $? = 0
configure:12369: test -s conftest
configure:12372: $? = 0
configure:12384: result: yes
configure:12400: checking for bison
configure:12416: found /usr/bin/bison
configure:12426: result: bison
configure:12439: checking version of bison
configure:12448: result: 2.4.1, ok
configure:12470: checking whether NLS is requested
configure:12479: result: yes
configure:12495: checking whether included gettext is requested
configure:12505: result: no
configure:12516: checking for GNU gettext in libc
configure:12540: cc -o conftest -O   conftest.c  >&5
conftest.c: In function 'main':
conftest.c:131: warning: cast from pointer to integer of different size
configure:12546: $? = 0
configure:12550: test -z 
			 || test ! -s conftest.err
configure:12553: $? = 0
configure:12556: test -s conftest
configure:12559: $? = 0
configure:12571: result: yes
configure:13124: checking whether to use NLS
configure:13126: result: yes
configure:13129: checking where the gettext function comes from
configure:13140: result: libc
configure:13362: creating ./config.status

## ---------------------- ##
## Running config.status. ##
## ---------------------- ##

This file was extended by GNU Texinfo config.status 4.8, which was
generated by GNU Autoconf 2.59.  Invocation command line was

  CONFIG_FILES    = 
  CONFIG_HEADERS  = 
  CONFIG_LINKS    = 
  CONFIG_COMMANDS = 
  $ ./config.status 

on out.lrserver

config.status:753: creating Makefile
config.status:753: creating doc/Makefile
config.status:753: creating info/Makefile
config.status:753: creating intl/Makefile
config.status:753: creating lib/Makefile
config.status:753: creating m4/Makefile
config.status:753: creating makeinfo/Makefile
config.status:753: creating makeinfo/tests/Makefile
config.status:753: creating po/Makefile.in
config.status:753: creating util/Makefile
config.status:850: creating config.h
config.status:1400: executing depfiles commands
config.status:1400: executing default-1 commands

## ---------------- ##
## Cache variables. ##
## ---------------- ##

ac_cv_build=x86_64-unknown-linux-gnu
ac_cv_build_alias=x86_64-unknown-linux-gnu
ac_cv_c_compiler_gnu=yes
ac_cv_c_const=yes
ac_cv_c_inline=inline
ac_cv_env_CC_set=set
ac_cv_env_CC_value=cc
ac_cv_env_CFLAGS_set=set
ac_cv_env_CFLAGS_value=-O
ac_cv_env_CPPFLAGS_set=set
ac_cv_env_CPPFLAGS_value=
ac_cv_env_CPP_set=
ac_cv_env_CPP_value=
ac_cv_env_LDFLAGS_set=set
ac_cv_env_LDFLAGS_value=
ac_cv_env_build_alias_set=
ac_cv_env_build_alias_value=
ac_cv_env_host_alias_set=
ac_cv_env_host_alias_value=
ac_cv_env_target_alias_set=
ac_cv_env_target_alias_value=
ac_cv_exeext=
ac_cv_func___argz_count=yes
ac_cv_func___argz_next=yes
ac_cv_func___argz_stringify=yes
ac_cv_func___fsetlocking=yes
ac_cv_func__doprnt=no
ac_cv_func_alloca_works=yes
ac_cv_func_asprintf=yes
ac_cv_func_bzero=yes
ac_cv_func_fwprintf=yes
ac_cv_func_getcwd=yes
ac_cv_func_getegid=yes
ac_cv_func_geteuid=yes
ac_cv_func_getgid=yes
ac_cv_func_getpagesize=yes
ac_cv_func_getuid=yes
ac_cv_func_memcpy=yes
ac_cv_func_memmove=yes
ac_cv_func_mempcpy=yes
ac_cv_func_memset=yes
ac_cv_func_mkstemp=yes
ac_cv_func_mmap_fixed_mapped=yes
ac_cv_func_munmap=yes
ac_cv_func_putenv=yes
ac_cv_func_setenv=yes
ac_cv_func_setlocale=yes
ac_cv_func_setvbuf=yes
ac_cv_func_sigaction=yes
ac_cv_func_sigblock=yes
ac_cv_func_sigprocmask=yes
ac_cv_func_sigsetmask=yes
ac_cv_func_snprintf=yes
ac_cv_func_stpcpy=yes
ac_cv_func_strcasecmp=yes
ac_cv_func_strchr=yes
ac_cv_func_strcoll_works=yes
ac_cv_func_strdup=yes
ac_cv_func_strerror=yes
ac_cv_func_strncasecmp=yes
ac_cv_func_strtoul=yes
ac_cv_func_tsearch=yes
ac_cv_func_vprintf=yes
ac_cv_func_wcslen=yes
ac_cv_gnu_library_2_1=yes
ac_cv_have_decl__snprintf=no
ac_cv_have_decl__snwprintf=no
ac_cv_have_decl_feof_unlocked=yes
ac_cv_have_decl_fgets_unlocked=no
ac_cv_have_decl_getc_unlocked=yes
ac_cv_have_decl_getenv=yes
ac_cv_have_decl_memchr=yes
ac_cv_have_decl_strcoll=yes
ac_cv_have_decl_strerror=yes
ac_cv_header_argz_h=yes
ac_cv_header_fcntl_h=yes
ac_cv_header_inttypes_h=yes
ac_cv_header_io_h=no
ac_cv_header_limits_h=yes
ac_cv_header_locale_h=yes
ac_cv_header_malloc_h=yes
ac_cv_header_memory_h=yes
ac_cv_header_minix_config_h=no
ac_cv_header_ncurses_termcap_h=yes
ac_cv_header_nl_types_h=yes
ac_cv_header_pwd_h=yes
ac_cv_header_stat_broken=no
ac_cv_header_stdc=yes
ac_cv_header_stddef_h=yes
ac_cv_header_stdint_h=yes
ac_cv_header_stdlib_h=yes
ac_cv_header_string_h=yes
ac_cv_header_strings_h=yes
ac_cv_header_sys_fcntl_h=yes
ac_cv_header_sys_file_h=yes
ac_cv_header_sys_param_h=yes
ac_cv_header_sys_ptem_h=no
ac_cv_header_sys_stat_h=yes
ac_cv_header_sys_stream_h=no
ac_cv_header_sys_time_h=yes
ac_cv_header_sys_ttold_h=no
ac_cv_header_sys_types_h=yes
ac_cv_header_sys_wait_h=yes
ac_cv_header_termcap_h=yes
ac_cv_header_termio_h=yes
ac_cv_header_termios_h=yes
ac_cv_header_unistd_h=yes
ac_cv_host=x86_64-unknown-linux-gnu
ac_cv_host_alias=x86_64-unknown-linux-gnu
ac_cv_lib_ncurses___tgetent=yes
ac_cv_objext=o
ac_cv_path_GMSGFMT=/usr/bin/msgfmt
ac_cv_path_MSGFMT=/usr/bin/msgfmt
ac_cv_path_MSGMERGE=/usr/bin/msgmerge
ac_cv_path_XGETTEXT=/usr/bin/xgettext
ac_cv_prog_AWK=/home/licj/software/netBSD/source/netBSD/usr/src/obj/tooldir.Linux-2.6.32-358.el6.x86_64-x86_64/bin/nbawk
ac_cv_prog_CPP='cc -E'
ac_cv_prog_INTLBISON=bison
ac_cv_prog_ac_ct_CC=cc
ac_cv_prog_ac_ct_RANLIB=ranlib
ac_cv_prog_cc_g=yes
ac_cv_prog_cc_stdc=
ac_cv_prog_egrep='grep -E'
ac_cv_prog_gcc_traditional=no
ac_cv_prog_make__home_licj_software_netBSD_source_netBSD_usr_src_obj_tooldir_Linux_2_6_32_358_el6_x86_64_x86_64_bin_nbmake_set=no
ac_cv_search_strerror='none required'
ac_cv_struct_tm=time.h
ac_cv_sys_posix_termios=yes
ac_cv_sys_tiocgwinsz_in_sys_ioctl_h=yes
ac_cv_sys_tiocgwinsz_in_termios_h=no
ac_cv_type_long_long=yes
ac_cv_type_off_t=yes
ac_cv_type_ptrdiff_t=yes
ac_cv_type_signal=void
ac_cv_type_size_t=yes
ac_cv_type_unsigned_long_long=yes
ac_cv_working_alloca_h=yes
acl_cv_hardcode_direct=no
acl_cv_hardcode_libdir_flag_spec='${wl}-rpath ${wl}$libdir'
acl_cv_hardcode_libdir_separator=
acl_cv_hardcode_minus_L=no
acl_cv_libext=a
acl_cv_path_LD=/usr/bin/ld
acl_cv_prog_gnu_ld=yes
acl_cv_rpath=done
acl_cv_shlibext=so
acl_cv_wl=-Wl,
am_cv_CC_dependencies_compiler_type=none
am_cv_func_iconv=yes
am_cv_langinfo_codeset=yes
am_cv_lib_iconv=no
am_cv_proto_iconv='extern size_t iconv (iconv_t cd, char * *inbuf, size_t *inbytesleft, char * *outbuf, size_t *outbytesleft);'
am_cv_proto_iconv_arg1=
am_cv_val_LC_MESSAGES=yes
bh_cv_c_signed=yes
gl_cv_func_mkstemp_limitations=no
gl_cv_header_inttypes_h=yes
gl_cv_header_stdint_h=yes
gt_cv_c_intmax_t=yes
gt_cv_c_long_double=yes
gt_cv_c_wchar_t=yes
gt_cv_c_wint_t=yes
gt_cv_func_gnugettext1_libc=yes
gt_cv_func_printf_posix=yes
gt_cv_header_inttypes_h=yes
gt_cv_int_divbyzero_sigfpe=yes
gt_cv_inttypes_pri_broken=no
nls_cv_force_use_gnu_gettext=no
nls_cv_header_intl=
nls_cv_header_libgt=
nls_cv_use_gnu_gettext=no

## ----------------- ##
## Output variables. ##
## ----------------- ##

ACLOCAL='${SHELL} /home/licj/software/netBSD/source/netBSD/usr/src/gnu/dist/texinfo/missing --run aclocal-1.9'
ALLOCA=''
AMDEPBACKSLASH='\'
AMDEP_FALSE='#'
AMDEP_TRUE=''
AMTAR='${SHELL} /home/licj/software/netBSD/source/netBSD/usr/src/gnu/dist/texinfo/missing --run tar'
AUTOCONF='${SHELL} /home/licj/software/netBSD/source/netBSD/usr/src/gnu/dist/texinfo/missing --run autoconf'
AUTOHEADER='${SHELL} /home/licj/software/netBSD/source/netBSD/usr/src/gnu/dist/texinfo/missing --run autoheader'
AUTOMAKE='${SHELL} /home/licj/software/netBSD/source/netBSD/usr/src/gnu/dist/texinfo/missing --run automake-1.9'
AWK='/home/licj/software/netBSD/source/netBSD/usr/src/obj/tooldir.Linux-2.6.32-358.el6.x86_64-x86_64/bin/nbawk'
BUILD_INCLUDED_LIBINTL='no'
CATOBJEXT='.gmo'
CC='cc'
CCDEPMODE='depmode=none'
CFLAGS='-O'
CPP='cc -E'
CPPFLAGS=''
CYGPATH_W='echo'
DATADIRNAME='share'
DEFS='-DHAVE_CONFIG_H'
DEPDIR='.deps'
ECHO_C=''
ECHO_N='-n'
ECHO_T=''
EGREP='grep -E'
EXEEXT=''
GENCAT='gencat'
GLIBC21='yes'
GMSGFMT='/usr/bin/msgfmt'
HAVE_ASPRINTF='1'
HAVE_POSIX_PRINTF='1'
HAVE_SNPRINTF='1'
HAVE_WPRINTF='0'
HELP2MAN='${SHELL} /home/licj/software/netBSD/source/netBSD/usr/src/gnu/dist/texinfo/missing --run help2man'
INSTALL_DATA='${INSTALL} -m 644'
INSTALL_PROGRAM='${INSTALL}'
INSTALL_SCRIPT='${INSTALL}'
INSTALL_STRIP_PROGRAM='${SHELL} $(install_sh) -c -s'
INSTALL_WARNINGS_FALSE='#'
INSTALL_WARNINGS_TRUE=''
INSTOBJEXT='.mo'
INTLBISON='bison'
INTLLIBS=''
INTLOBJS=''
INTL_LIBTOOL_SUFFIX_PREFIX=''
LDFLAGS=''
LIBICONV=''
LIBINTL=''
LIBOBJS=''
LIBS=''
LTLIBICONV=''
LTLIBINTL=''
LTLIBOBJS=''
MAINT='#'
MAINTAINER_MODE_FALSE=''
MAINTAINER_MODE_TRUE='#'
MAKEINFO='${SHELL} /home/licj/software/netBSD/source/netBSD/usr/src/gnu/dist/texinfo/missing --run makeinfo'
MKINSTALLDIRS='/home/licj/software/netBSD/source/netBSD/usr/src/tools/texinfo/../../gnu/dist/texinfo/mkinstalldirs'
MSGFMT='/usr/bin/msgfmt'
MSGMERGE='/usr/bin/msgmerge'
OBJEXT='o'
PACKAGE='texinfo'
PACKAGE_BUGREPORT=''
PACKAGE_NAME='GNU Texinfo'
PACKAGE_STRING='GNU Texinfo 4.8'
PACKAGE_TARNAME='texinfo'
PACKAGE_VERSION='4.8'
PATH_SEPARATOR=':'
POSUB='po'
RANLIB='ranlib'
SET_MAKE='MAKE=/home/licj/software/netBSD/source/netBSD/usr/src/obj/tooldir.Linux-2.6.32-358.el6.x86_64-x86_64/bin/nbmake'
SHELL='/bin/sh'
STRIP=''
TERMLIBS=' -lncurses'
TOOLS_ONLY_FALSE=''
TOOLS_ONLY_TRUE='#'
USE_INCLUDED_LIBINTL='no'
USE_NLS='yes'
VERSION='4.8'
XGETTEXT='/usr/bin/xgettext'
ac_ct_CC='cc'
ac_ct_RANLIB='ranlib'
ac_ct_STRIP=''
am__fastdepCC_FALSE=''
am__fastdepCC_TRUE='#'
am__include='#'
am__leading_dot='.'
am__quote=''
am__tar='${AMTAR} chof - "$$tardir"'
am__untar='${AMTAR} xf -'
bindir='${exec_prefix}/bin'
build='x86_64-unknown-linux-gnu'
build_alias=''
build_cpu='x86_64'
build_os='linux-gnu'
build_vendor='unknown'
datadir='${prefix}/share'
exec_prefix='${prefix}'
host='x86_64-unknown-linux-gnu'
host_alias=''
host_cpu='x86_64'
host_os='linux-gnu'
host_vendor='unknown'
includedir='${prefix}/include'
infodir='${prefix}/info'
install_sh='/home/licj/software/netBSD/source/netBSD/usr/src/gnu/dist/texinfo/install-sh'
libdir='${exec_prefix}/lib'
libexecdir='${exec_prefix}/libexec'
localstatedir='${prefix}/var'
mandir='${prefix}/man'
mkdir_p='mkdir -p --'
native_tools=''
oldincludedir='/usr/include'
prefix='/home/licj/software/netBSD/source/netBSD/usr/src/obj/tooldir.Linux-2.6.32-358.el6.x86_64-x86_64'
program_transform_name='s,^,nb,'
sbindir='${exec_prefix}/sbin'
sharedstatedir='${prefix}/com'
sysconfdir='${prefix}/etc'
target_alias=''

## ----------- ##
## confdefs.h. ##
## ----------- ##

#define ENABLE_NLS 1
#define GWINSZ_IN_SYS_IOCTL 1
#define HAVE_ALLOCA 1
#define HAVE_ALLOCA_H 1
#define HAVE_ARGZ_H 1
#define HAVE_ASPRINTF 1
#define HAVE_BZERO 1
#define HAVE_DCGETTEXT 1
#define HAVE_DECL_FEOF_UNLOCKED 1
#define HAVE_DECL_FGETS_UNLOCKED 0
#define HAVE_DECL_GETC_UNLOCKED 1
#define HAVE_DECL_GETENV 1
#define HAVE_DECL_MEMCHR 1
#define HAVE_DECL_STRCOLL 1
#define HAVE_DECL_STRERROR 1
#define HAVE_DECL__SNPRINTF 0
#define HAVE_DECL__SNWPRINTF 0
#define HAVE_FCNTL_H 1
#define HAVE_FCNTL_H 1
#define HAVE_FWPRINTF 1
#define HAVE_GETCWD 1
#define HAVE_GETCWD 1
#define HAVE_GETEGID 1
#define HAVE_GETEUID 1
#define HAVE_GETGID 1
#define HAVE_GETPAGESIZE 1
#define HAVE_GETTEXT 1
#define HAVE_GETUID 1
#define HAVE_ICONV 1
#define HAVE_INTMAX_T 1
#define HAVE_INTTYPES_H 1
#define HAVE_INTTYPES_H 1
#define HAVE_INTTYPES_H_WITH_UINTMAX 1
#define HAVE_LANGINFO_CODESET 1
#define HAVE_LC_MESSAGES 1
#define HAVE_LIMITS_H 1
#define HAVE_LIMITS_H 1
#define HAVE_LOCALE_H 1
#define HAVE_LONG_DOUBLE 1
#define HAVE_LONG_LONG 1
#define HAVE_MALLOC_H 1
#define HAVE_MEMCPY 1
#define HAVE_MEMMOVE 1
#define HAVE_MEMORY_H 1
#define HAVE_MEMPCPY 1
#define HAVE_MEMSET 1
#define HAVE_MKSTEMP 1
#define HAVE_MMAP 1
#define HAVE_MUNMAP 1
#define HAVE_NCURSES_TERMCAP_H 1
#define HAVE_NL_TYPES_H 1
#define HAVE_POSIX_PRINTF 1
#define HAVE_PUTENV 1
#define HAVE_PWD_H 1
#define HAVE_SETENV 1
#define HAVE_SETLOCALE 1
#define HAVE_SETVBUF 1
#define HAVE_SIGACTION 1
#define HAVE_SIGPROCMASK 1
#define HAVE_SIGSETMASK 1
#define HAVE_SNPRINTF 1
#define HAVE_STDDEF_H 1
#define HAVE_STDINT_H 1
#define HAVE_STDINT_H 1
#define HAVE_STDINT_H 1
#define HAVE_STDINT_H_WITH_UINTMAX 1
#define HAVE_STDLIB_H 1
#define HAVE_STDLIB_H 1
#define HAVE_STDLIB_H 1
#define HAVE_STPCPY 1
#define HAVE_STRCASECMP 1
#define HAVE_STRCASECMP 1
#define HAVE_STRCHR 1
#define HAVE_STRCOLL 1
#define HAVE_STRDUP 1
#define HAVE_STRDUP 1
#define HAVE_STRERROR 1
#define HAVE_STRINGS_H 1
#define HAVE_STRINGS_H 1
#define HAVE_STRING_H 1
#define HAVE_STRING_H 1
#define HAVE_STRING_H 1
#define HAVE_STRNCASECMP 1
#define HAVE_STRTOUL 1
#define HAVE_SYS_FCNTL_H 1
#define HAVE_SYS_FILE_H 1
#define HAVE_SYS_PARAM_H 1
#define HAVE_SYS_STAT_H 1
#define HAVE_SYS_TIME_H 1
#define HAVE_SYS_TIME_H 1
#define HAVE_SYS_TYPES_H 1
#define HAVE_SYS_WAIT_H 1
#define HAVE_TERMCAP_H 1
#define HAVE_TERMIOS_H 1
#define HAVE_TERMIO_H 1
#define HAVE_TSEARCH 1
#define HAVE_UINTMAX_T 1
#define HAVE_UNISTD_H 1
#define HAVE_UNISTD_H 1
#define HAVE_UNISTD_H 1
#define HAVE_UNISTD_H 1
#define HAVE_UNISTD_H 1
#define HAVE_UNSIGNED_LONG_LONG 1
#define HAVE_VPRINTF 1
#define HAVE_WCHAR_T 1
#define HAVE_WCSLEN 1
#define HAVE_WINT_T 1
#define HAVE___ARGZ_COUNT 1
#define HAVE___ARGZ_NEXT 1
#define HAVE___ARGZ_STRINGIFY 1
#define HAVE___FSETLOCKING 1
#define ICONV_CONST 
#define INTDIV0_RAISES_SIGFPE 1
#define PACKAGE "texinfo"
#define PACKAGE_BUGREPORT ""
#define PACKAGE_NAME "GNU Texinfo"
#define PACKAGE_STRING "GNU Texinfo 4.8"
#define PACKAGE_TARNAME "texinfo"
#define PACKAGE_VERSION "4.8"
#define RETSIGTYPE void
#define STDC_HEADERS 1
#define STDC_HEADERS 1
#define VERSION "4.8"

configure: exit 0
